The system is: Linux - 3.10.0-1160.71.1.el7.x86_64 - x86_64
Compiling the C compiler identification source file "CMakeCCompilerId.c" succeeded.
Compiler: /cvmfs/sphenix.sdcc.bnl.gov/gcc-12.1.0/opt/sphenix/core/gcc/12.1.0-57c96/x86_64-centos7/bin/gcc 
Build flags: 
Id flags:  

The output was:
0


Compilation of the C compiler identification source "CMakeCCompilerId.c" produced "a.out"

The C compiler identification is GNU, found in "/gpfs/mnt/gpfs02/sphenix/user/zshi/FastMLUConn/HFMLTriggerCodes/EvtGenLocal/build/CMakeFiles/3.24.2/CompilerIdC/a.out"

Compiling the CXX compiler identification source file "CMakeCXXCompilerId.cpp" succeeded.
Compiler: /cvmfs/sphenix.sdcc.bnl.gov/gcc-12.1.0/opt/sphenix/core/gcc/12.1.0-57c96/x86_64-centos7/bin/g++ 
Build flags: 
Id flags:  

The output was:
0


Compilation of the CXX compiler identification source "CMakeCXXCompilerId.cpp" produced "a.out"

The CXX compiler identification is GNU, found in "/gpfs/mnt/gpfs02/sphenix/user/zshi/FastMLUConn/HFMLTriggerCodes/EvtGenLocal/build/CMakeFiles/3.24.2/CompilerIdCXX/a.out"

Detecting C compiler ABI info compiled with the following output:
Change Dir: /gpfs/mnt/gpfs02/sphenix/user/zshi/FastMLUConn/HFMLTriggerCodes/EvtGenLocal/build/CMakeFiles/CMakeTmp

Run Build Command(s):/usr/bin/gmake -f Makefile cmTC_e5519/fast && /usr/bin/gmake  -f CMakeFiles/cmTC_e5519.dir/build.make CMakeFiles/cmTC_e5519.dir/build
gmake[1]: Entering directory `/gpfs/mnt/gpfs02/sphenix/user/zshi/FastMLUConn/HFMLTriggerCodes/EvtGenLocal/build/CMakeFiles/CMakeTmp'
Building C object CMakeFiles/cmTC_e5519.dir/CMakeCCompilerABI.c.o
/cvmfs/sphenix.sdcc.bnl.gov/gcc-12.1.0/opt/sphenix/core/gcc/12.1.0-57c96/x86_64-centos7/bin/gcc   -v -o CMakeFiles/cmTC_e5519.dir/CMakeCCompilerABI.c.o -c /cvmfs/sphenix.sdcc.bnl.gov/gcc-12.1.0/opt/sphenix/utils/stow/cmake-3.24.2/share/cmake-3.24/Modules/CMakeCCompilerABI.c
Using built-in specs.
COLLECT_GCC=/cvmfs/sphenix.sdcc.bnl.gov/gcc-12.1.0/opt/sphenix/core/gcc/12.1.0-57c96/x86_64-centos7/bin/gcc
Target: x86_64-pc-linux-gnu
Configured with: /workspace/build/contrib/gcc-12.1.0/src/gcc/12.1.0/configure --prefix=/workspace/lcgcmake-install/gcc/12.1.0/x86_64-centos7 --disable-nls --with-system-zlib --disable-multilib --enable-languages=all --with-gnu-ld --with-gnu-as --enable-__cxa_atexit --disable-libunwind-exceptions --enable-gnu-unique-object --enable-plugin --with-linker-hash-style=gnu --enable-linker-build-id --enable-libstdcxx-time=rt --enable-shared --disable-libgcj
Thread model: posix
Supported LTO compression algorithms: zlib
gcc version 12.1.0 (GCC) 
COLLECT_GCC_OPTIONS='-v' '-o' 'CMakeFiles/cmTC_e5519.dir/CMakeCCompilerABI.c.o' '-c' '-mtune=generic' '-march=x86-64' '-dumpdir' 'CMakeFiles/cmTC_e5519.dir/'
 /cvmfs/sphenix.sdcc.bnl.gov/gcc-12.1.0/opt/sphenix/core/gcc/12.1.0-57c96/x86_64-centos7/bin/../libexec/gcc/x86_64-pc-linux-gnu/12.1.0/cc1 -quiet -v -iprefix /cvmfs/sphenix.sdcc.bnl.gov/gcc-12.1.0/opt/sphenix/core/gcc/12.1.0-57c96/x86_64-centos7/bin/../lib/gcc/x86_64-pc-linux-gnu/12.1.0/ -isystem /cvmfs/sphenix.sdcc.bnl.gov/gcc-12.1.0/opt/sphenix/core/gcc/12.1.0-57c96/x86_64-centos7/include /cvmfs/sphenix.sdcc.bnl.gov/gcc-12.1.0/opt/sphenix/utils/stow/cmake-3.24.2/share/cmake-3.24/Modules/CMakeCCompilerABI.c -quiet -dumpdir CMakeFiles/cmTC_e5519.dir/ -dumpbase CMakeCCompilerABI.c.c -dumpbase-ext .c -mtune=generic -march=x86-64 -version -o /tmp/ccCIDbhx.s
GNU C17 (GCC) version 12.1.0 (x86_64-pc-linux-gnu)
	compiled by GNU C version 12.1.0, GMP version 6.2.1, MPFR version 4.1.0, MPC version 1.2.1, isl version isl-0.24-GMP

GGC heuristics: --param ggc-min-expand=100 --param ggc-min-heapsize=131072
ignoring nonexistent directory "/cvmfs/sphenix.sdcc.bnl.gov/gcc-12.1.0/opt/sphenix/core/gcc/12.1.0-57c96/x86_64-centos7/bin/../lib/gcc/x86_64-pc-linux-gnu/12.1.0/../../../../x86_64-pc-linux-gnu/include"
ignoring duplicate directory "/cvmfs/sphenix.sdcc.bnl.gov/gcc-12.1.0/opt/sphenix/core/gcc/12.1.0-57c96/x86_64-centos7/bin/../lib/gcc/../../lib/gcc/x86_64-pc-linux-gnu/12.1.0/include"
ignoring duplicate directory "/cvmfs/sphenix.sdcc.bnl.gov/gcc-12.1.0/opt/sphenix/core/gcc/12.1.0-57c96/x86_64-centos7/bin/../lib/gcc/../../include"
ignoring duplicate directory "/cvmfs/sphenix.sdcc.bnl.gov/gcc-12.1.0/opt/sphenix/core/gcc/12.1.0-57c96/x86_64-centos7/bin/../lib/gcc/../../lib/gcc/x86_64-pc-linux-gnu/12.1.0/include-fixed"
ignoring nonexistent directory "/cvmfs/sphenix.sdcc.bnl.gov/gcc-12.1.0/opt/sphenix/core/gcc/12.1.0-57c96/x86_64-centos7/bin/../lib/gcc/../../lib/gcc/x86_64-pc-linux-gnu/12.1.0/../../../../x86_64-pc-linux-gnu/include"
#include "..." search starts here:
#include <...> search starts here:
 /cvmfs/sphenix.sdcc.bnl.gov/gcc-12.1.0/opt/sphenix/core/gcc/12.1.0-57c96/x86_64-centos7/include
 /cvmfs/sphenix.sdcc.bnl.gov/gcc-12.1.0/opt/sphenix/core/gcc/12.1.0-57c96/x86_64-centos7/bin/../lib/gcc/x86_64-pc-linux-gnu/12.1.0/include
 /cvmfs/sphenix.sdcc.bnl.gov/gcc-12.1.0/opt/sphenix/core/gcc/12.1.0-57c96/x86_64-centos7/bin/../lib/gcc/x86_64-pc-linux-gnu/12.1.0/include-fixed
 /usr/local/include
 /usr/include
End of search list.
GNU C17 (GCC) version 12.1.0 (x86_64-pc-linux-gnu)
	compiled by GNU C version 12.1.0, GMP version 6.2.1, MPFR version 4.1.0, MPC version 1.2.1, isl version isl-0.24-GMP

GGC heuristics: --param ggc-min-expand=100 --param ggc-min-heapsize=131072
Compiler executable checksum: 96af034a015cb8ec1cc901b1f6dd702c
COLLECT_GCC_OPTIONS='-v' '-o' 'CMakeFiles/cmTC_e5519.dir/CMakeCCompilerABI.c.o' '-c' '-mtune=generic' '-march=x86-64' '-dumpdir' 'CMakeFiles/cmTC_e5519.dir/'
 as -v --64 -o CMakeFiles/cmTC_e5519.dir/CMakeCCompilerABI.c.o /tmp/ccCIDbhx.s
GNU assembler version 2.37 (x86_64-pc-linux-gnu) using BFD version (GNU Binutils) 2.37
COMPILER_PATH=/cvmfs/sphenix.sdcc.bnl.gov/gcc-12.1.0/opt/sphenix/core/gcc/12.1.0-57c96/x86_64-centos7/bin/../libexec/gcc/x86_64-pc-linux-gnu/12.1.0/:/cvmfs/sphenix.sdcc.bnl.gov/gcc-12.1.0/opt/sphenix/core/gcc/12.1.0-57c96/x86_64-centos7/bin/../libexec/gcc/:/cvmfs/sphenix.sdcc.bnl.gov/gcc-12.1.0/opt/sphenix/core/gcc/12.1.0-57c96/x86_64-centos7/
LIBRARY_PATH=/cvmfs/sphenix.sdcc.bnl.gov/gcc-12.1.0/opt/sphenix/core/gcc/12.1.0-57c96/x86_64-centos7/bin/../lib/gcc/x86_64-pc-linux-gnu/12.1.0/:/cvmfs/sphenix.sdcc.bnl.gov/gcc-12.1.0/opt/sphenix/core/gcc/12.1.0-57c96/x86_64-centos7/bin/../lib/gcc/:/cvmfs/sphenix.sdcc.bnl.gov/gcc-12.1.0/opt/sphenix/core/gcc/12.1.0-57c96/x86_64-centos7/bin/../lib/gcc/x86_64-pc-linux-gnu/12.1.0/../../../../lib64/:/lib/../lib64/:/usr/lib/../lib64/:/cvmfs/sphenix.sdcc.bnl.gov/gcc-12.1.0/opt/sphenix/core/gcc/12.1.0-57c96/x86_64-centos7/bin/../lib/gcc/x86_64-pc-linux-gnu/12.1.0/../../../:/lib/:/usr/lib/
COLLECT_GCC_OPTIONS='-v' '-o' 'CMakeFiles/cmTC_e5519.dir/CMakeCCompilerABI.c.o' '-c' '-mtune=generic' '-march=x86-64' '-dumpdir' 'CMakeFiles/cmTC_e5519.dir/CMakeCCompilerABI.c.'
Linking C executable cmTC_e5519
/cvmfs/sphenix.sdcc.bnl.gov/gcc-12.1.0/opt/sphenix/utils/stow/cmake-3.24.2/bin/cmake -E cmake_link_script CMakeFiles/cmTC_e5519.dir/link.txt --verbose=1
/cvmfs/sphenix.sdcc.bnl.gov/gcc-12.1.0/opt/sphenix/core/gcc/12.1.0-57c96/x86_64-centos7/bin/gcc  -v CMakeFiles/cmTC_e5519.dir/CMakeCCompilerABI.c.o -o cmTC_e5519 
Using built-in specs.
COLLECT_GCC=/cvmfs/sphenix.sdcc.bnl.gov/gcc-12.1.0/opt/sphenix/core/gcc/12.1.0-57c96/x86_64-centos7/bin/gcc
COLLECT_LTO_WRAPPER=/cvmfs/sphenix.sdcc.bnl.gov/gcc-12.1.0/opt/sphenix/core/gcc/12.1.0-57c96/x86_64-centos7/bin/../libexec/gcc/x86_64-pc-linux-gnu/12.1.0/lto-wrapper
Target: x86_64-pc-linux-gnu
Configured with: /workspace/build/contrib/gcc-12.1.0/src/gcc/12.1.0/configure --prefix=/workspace/lcgcmake-install/gcc/12.1.0/x86_64-centos7 --disable-nls --with-system-zlib --disable-multilib --enable-languages=all --with-gnu-ld --with-gnu-as --enable-__cxa_atexit --disable-libunwind-exceptions --enable-gnu-unique-object --enable-plugin --with-linker-hash-style=gnu --enable-linker-build-id --enable-libstdcxx-time=rt --enable-shared --disable-libgcj
Thread model: posix
Supported LTO compression algorithms: zlib
gcc version 12.1.0 (GCC) 
COMPILER_PATH=/cvmfs/sphenix.sdcc.bnl.gov/gcc-12.1.0/opt/sphenix/core/gcc/12.1.0-57c96/x86_64-centos7/bin/../libexec/gcc/x86_64-pc-linux-gnu/12.1.0/:/cvmfs/sphenix.sdcc.bnl.gov/gcc-12.1.0/opt/sphenix/core/gcc/12.1.0-57c96/x86_64-centos7/bin/../libexec/gcc/:/cvmfs/sphenix.sdcc.bnl.gov/gcc-12.1.0/opt/sphenix/core/gcc/12.1.0-57c96/x86_64-centos7/
LIBRARY_PATH=/cvmfs/sphenix.sdcc.bnl.gov/gcc-12.1.0/opt/sphenix/core/gcc/12.1.0-57c96/x86_64-centos7/bin/../lib/gcc/x86_64-pc-linux-gnu/12.1.0/:/cvmfs/sphenix.sdcc.bnl.gov/gcc-12.1.0/opt/sphenix/core/gcc/12.1.0-57c96/x86_64-centos7/bin/../lib/gcc/:/cvmfs/sphenix.sdcc.bnl.gov/gcc-12.1.0/opt/sphenix/core/gcc/12.1.0-57c96/x86_64-centos7/bin/../lib/gcc/x86_64-pc-linux-gnu/12.1.0/../../../../lib64/:/lib/../lib64/:/usr/lib/../lib64/:/cvmfs/sphenix.sdcc.bnl.gov/gcc-12.1.0/opt/sphenix/core/gcc/12.1.0-57c96/x86_64-centos7/bin/../lib/gcc/x86_64-pc-linux-gnu/12.1.0/../../../:/lib/:/usr/lib/
COLLECT_GCC_OPTIONS='-v' '-o' 'cmTC_e5519' '-mtune=generic' '-march=x86-64' '-dumpdir' 'cmTC_e5519.'
 /cvmfs/sphenix.sdcc.bnl.gov/gcc-12.1.0/opt/sphenix/core/gcc/12.1.0-57c96/x86_64-centos7/bin/../libexec/gcc/x86_64-pc-linux-gnu/12.1.0/collect2 -plugin /cvmfs/sphenix.sdcc.bnl.gov/gcc-12.1.0/opt/sphenix/core/gcc/12.1.0-57c96/x86_64-centos7/bin/../libexec/gcc/x86_64-pc-linux-gnu/12.1.0/liblto_plugin.so -plugin-opt=/cvmfs/sphenix.sdcc.bnl.gov/gcc-12.1.0/opt/sphenix/core/gcc/12.1.0-57c96/x86_64-centos7/bin/../libexec/gcc/x86_64-pc-linux-gnu/12.1.0/lto-wrapper -plugin-opt=-fresolution=/tmp/ccV7rGJE.res -plugin-opt=-pass-through=-lgcc -plugin-opt=-pass-through=-lgcc_s -plugin-opt=-pass-through=-lc -plugin-opt=-pass-through=-lgcc -plugin-opt=-pass-through=-lgcc_s --build-id --eh-frame-hdr --hash-style=gnu -m elf_x86_64 -dynamic-linker /lib64/ld-linux-x86-64.so.2 -o cmTC_e5519 /lib/../lib64/crt1.o /lib/../lib64/crti.o /cvmfs/sphenix.sdcc.bnl.gov/gcc-12.1.0/opt/sphenix/core/gcc/12.1.0-57c96/x86_64-centos7/bin/../lib/gcc/x86_64-pc-linux-gnu/12.1.0/crtbegin.o -L/cvmfs/sphenix.sdcc.bnl.gov/gcc-12.1.0/opt/sphenix/core/gcc/12.1.0-57c96/x86_64-centos7/bin/../lib/gcc/x86_64-pc-linux-gnu/12.1.0 -L/cvmfs/sphenix.sdcc.bnl.gov/gcc-12.1.0/opt/sphenix/core/gcc/12.1.0-57c96/x86_64-centos7/bin/../lib/gcc -L/cvmfs/sphenix.sdcc.bnl.gov/gcc-12.1.0/opt/sphenix/core/gcc/12.1.0-57c96/x86_64-centos7/bin/../lib/gcc/x86_64-pc-linux-gnu/12.1.0/../../../../lib64 -L/lib/../lib64 -L/usr/lib/../lib64 -L/cvmfs/sphenix.sdcc.bnl.gov/gcc-12.1.0/opt/sphenix/core/gcc/12.1.0-57c96/x86_64-centos7/bin/../lib/gcc/x86_64-pc-linux-gnu/12.1.0/../../.. CMakeFiles/cmTC_e5519.dir/CMakeCCompilerABI.c.o -lgcc --push-state --as-needed -lgcc_s --pop-state -lc -lgcc --push-state --as-needed -lgcc_s --pop-state /cvmfs/sphenix.sdcc.bnl.gov/gcc-12.1.0/opt/sphenix/core/gcc/12.1.0-57c96/x86_64-centos7/bin/../lib/gcc/x86_64-pc-linux-gnu/12.1.0/crtend.o /lib/../lib64/crtn.o
COLLECT_GCC_OPTIONS='-v' '-o' 'cmTC_e5519' '-mtune=generic' '-march=x86-64' '-dumpdir' 'cmTC_e5519.'
gmake[1]: Leaving directory `/gpfs/mnt/gpfs02/sphenix/user/zshi/FastMLUConn/HFMLTriggerCodes/EvtGenLocal/build/CMakeFiles/CMakeTmp'



Parsed C implicit include dir info from above output: rv=done
  found start of include info
  found start of implicit include info
    add: [/cvmfs/sphenix.sdcc.bnl.gov/gcc-12.1.0/opt/sphenix/core/gcc/12.1.0-57c96/x86_64-centos7/include]
    add: [/cvmfs/sphenix.sdcc.bnl.gov/gcc-12.1.0/opt/sphenix/core/gcc/12.1.0-57c96/x86_64-centos7/bin/../lib/gcc/x86_64-pc-linux-gnu/12.1.0/include]
    add: [/cvmfs/sphenix.sdcc.bnl.gov/gcc-12.1.0/opt/sphenix/core/gcc/12.1.0-57c96/x86_64-centos7/bin/../lib/gcc/x86_64-pc-linux-gnu/12.1.0/include-fixed]
    add: [/usr/local/include]
    add: [/usr/include]
  end of search list found
  collapse include dir [/cvmfs/sphenix.sdcc.bnl.gov/gcc-12.1.0/opt/sphenix/core/gcc/12.1.0-57c96/x86_64-centos7/include] ==> [/cvmfs/sphenix.sdcc.bnl.gov/gcc-12.1.0/opt/sphenix/core/gcc/12.1.0-57c96/x86_64-centos7/include]
  collapse include dir [/cvmfs/sphenix.sdcc.bnl.gov/gcc-12.1.0/opt/sphenix/core/gcc/12.1.0-57c96/x86_64-centos7/bin/../lib/gcc/x86_64-pc-linux-gnu/12.1.0/include] ==> [/cvmfs/sphenix.sdcc.bnl.gov/gcc-12.1.0/opt/sphenix/core/gcc/12.1.0-57c96/x86_64-centos7/lib/gcc/x86_64-pc-linux-gnu/12.1.0/include]
  collapse include dir [/cvmfs/sphenix.sdcc.bnl.gov/gcc-12.1.0/opt/sphenix/core/gcc/12.1.0-57c96/x86_64-centos7/bin/../lib/gcc/x86_64-pc-linux-gnu/12.1.0/include-fixed] ==> [/cvmfs/sphenix.sdcc.bnl.gov/gcc-12.1.0/opt/sphenix/core/gcc/12.1.0-57c96/x86_64-centos7/lib/gcc/x86_64-pc-linux-gnu/12.1.0/include-fixed]
  collapse include dir [/usr/local/include] ==> [/usr/local/include]
  collapse include dir [/usr/include] ==> [/usr/include]
  implicit include dirs: [/cvmfs/sphenix.sdcc.bnl.gov/gcc-12.1.0/opt/sphenix/core/gcc/12.1.0-57c96/x86_64-centos7/include;/cvmfs/sphenix.sdcc.bnl.gov/gcc-12.1.0/opt/sphenix/core/gcc/12.1.0-57c96/x86_64-centos7/lib/gcc/x86_64-pc-linux-gnu/12.1.0/include;/cvmfs/sphenix.sdcc.bnl.gov/gcc-12.1.0/opt/sphenix/core/gcc/12.1.0-57c96/x86_64-centos7/lib/gcc/x86_64-pc-linux-gnu/12.1.0/include-fixed;/usr/local/include;/usr/include]


Parsed C implicit link information from above output:
  link line regex: [^( *|.*[/\])(ld|CMAKE_LINK_STARTFILE-NOTFOUND|([^/\]+-)?ld|collect2)[^/\]*( |$)]
  ignore line: [Change Dir: /gpfs/mnt/gpfs02/sphenix/user/zshi/FastMLUConn/HFMLTriggerCodes/EvtGenLocal/build/CMakeFiles/CMakeTmp]
  ignore line: []
  ignore line: [Run Build Command(s):/usr/bin/gmake -f Makefile cmTC_e5519/fast && /usr/bin/gmake  -f CMakeFiles/cmTC_e5519.dir/build.make CMakeFiles/cmTC_e5519.dir/build]
  ignore line: [gmake[1]: Entering directory `/gpfs/mnt/gpfs02/sphenix/user/zshi/FastMLUConn/HFMLTriggerCodes/EvtGenLocal/build/CMakeFiles/CMakeTmp']
  ignore line: [Building C object CMakeFiles/cmTC_e5519.dir/CMakeCCompilerABI.c.o]
  ignore line: [/cvmfs/sphenix.sdcc.bnl.gov/gcc-12.1.0/opt/sphenix/core/gcc/12.1.0-57c96/x86_64-centos7/bin/gcc   -v -o CMakeFiles/cmTC_e5519.dir/CMakeCCompilerABI.c.o -c /cvmfs/sphenix.sdcc.bnl.gov/gcc-12.1.0/opt/sphenix/utils/stow/cmake-3.24.2/share/cmake-3.24/Modules/CMakeCCompilerABI.c]
  ignore line: [Using built-in specs.]
  ignore line: [COLLECT_GCC=/cvmfs/sphenix.sdcc.bnl.gov/gcc-12.1.0/opt/sphenix/core/gcc/12.1.0-57c96/x86_64-centos7/bin/gcc]
  ignore line: [Target: x86_64-pc-linux-gnu]
  ignore line: [Configured with: /workspace/build/contrib/gcc-12.1.0/src/gcc/12.1.0/configure --prefix=/workspace/lcgcmake-install/gcc/12.1.0/x86_64-centos7 --disable-nls --with-system-zlib --disable-multilib --enable-languages=all --with-gnu-ld --with-gnu-as --enable-__cxa_atexit --disable-libunwind-exceptions --enable-gnu-unique-object --enable-plugin --with-linker-hash-style=gnu --enable-linker-build-id --enable-libstdcxx-time=rt --enable-shared --disable-libgcj]
  ignore line: [Thread model: posix]
  ignore line: [Supported LTO compression algorithms: zlib]
  ignore line: [gcc version 12.1.0 (GCC) ]
  ignore line: [COLLECT_GCC_OPTIONS='-v' '-o' 'CMakeFiles/cmTC_e5519.dir/CMakeCCompilerABI.c.o' '-c' '-mtune=generic' '-march=x86-64' '-dumpdir' 'CMakeFiles/cmTC_e5519.dir/']
  ignore line: [ /cvmfs/sphenix.sdcc.bnl.gov/gcc-12.1.0/opt/sphenix/core/gcc/12.1.0-57c96/x86_64-centos7/bin/../libexec/gcc/x86_64-pc-linux-gnu/12.1.0/cc1 -quiet -v -iprefix /cvmfs/sphenix.sdcc.bnl.gov/gcc-12.1.0/opt/sphenix/core/gcc/12.1.0-57c96/x86_64-centos7/bin/../lib/gcc/x86_64-pc-linux-gnu/12.1.0/ -isystem /cvmfs/sphenix.sdcc.bnl.gov/gcc-12.1.0/opt/sphenix/core/gcc/12.1.0-57c96/x86_64-centos7/include /cvmfs/sphenix.sdcc.bnl.gov/gcc-12.1.0/opt/sphenix/utils/stow/cmake-3.24.2/share/cmake-3.24/Modules/CMakeCCompilerABI.c -quiet -dumpdir CMakeFiles/cmTC_e5519.dir/ -dumpbase CMakeCCompilerABI.c.c -dumpbase-ext .c -mtune=generic -march=x86-64 -version -o /tmp/ccCIDbhx.s]
  ignore line: [GNU C17 (GCC) version 12.1.0 (x86_64-pc-linux-gnu)]
  ignore line: [	compiled by GNU C version 12.1.0  GMP version 6.2.1  MPFR version 4.1.0  MPC version 1.2.1  isl version isl-0.24-GMP]
  ignore line: []
  ignore line: [GGC heuristics: --param ggc-min-expand=100 --param ggc-min-heapsize=131072]
  ignore line: [ignoring nonexistent directory "/cvmfs/sphenix.sdcc.bnl.gov/gcc-12.1.0/opt/sphenix/core/gcc/12.1.0-57c96/x86_64-centos7/bin/../lib/gcc/x86_64-pc-linux-gnu/12.1.0/../../../../x86_64-pc-linux-gnu/include"]
  ignore line: [ignoring duplicate directory "/cvmfs/sphenix.sdcc.bnl.gov/gcc-12.1.0/opt/sphenix/core/gcc/12.1.0-57c96/x86_64-centos7/bin/../lib/gcc/../../lib/gcc/x86_64-pc-linux-gnu/12.1.0/include"]
  ignore line: [ignoring duplicate directory "/cvmfs/sphenix.sdcc.bnl.gov/gcc-12.1.0/opt/sphenix/core/gcc/12.1.0-57c96/x86_64-centos7/bin/../lib/gcc/../../include"]
  ignore line: [ignoring duplicate directory "/cvmfs/sphenix.sdcc.bnl.gov/gcc-12.1.0/opt/sphenix/core/gcc/12.1.0-57c96/x86_64-centos7/bin/../lib/gcc/../../lib/gcc/x86_64-pc-linux-gnu/12.1.0/include-fixed"]
  ignore line: [ignoring nonexistent directory "/cvmfs/sphenix.sdcc.bnl.gov/gcc-12.1.0/opt/sphenix/core/gcc/12.1.0-57c96/x86_64-centos7/bin/../lib/gcc/../../lib/gcc/x86_64-pc-linux-gnu/12.1.0/../../../../x86_64-pc-linux-gnu/include"]
  ignore line: [#include "..." search starts here:]
  ignore line: [#include <...> search starts here:]
  ignore line: [ /cvmfs/sphenix.sdcc.bnl.gov/gcc-12.1.0/opt/sphenix/core/gcc/12.1.0-57c96/x86_64-centos7/include]
  ignore line: [ /cvmfs/sphenix.sdcc.bnl.gov/gcc-12.1.0/opt/sphenix/core/gcc/12.1.0-57c96/x86_64-centos7/bin/../lib/gcc/x86_64-pc-linux-gnu/12.1.0/include]
  ignore line: [ /cvmfs/sphenix.sdcc.bnl.gov/gcc-12.1.0/opt/sphenix/core/gcc/12.1.0-57c96/x86_64-centos7/bin/../lib/gcc/x86_64-pc-linux-gnu/12.1.0/include-fixed]
  ignore line: [ /usr/local/include]
  ignore line: [ /usr/include]
  ignore line: [End of search list.]
  ignore line: [GNU C17 (GCC) version 12.1.0 (x86_64-pc-linux-gnu)]
  ignore line: [	compiled by GNU C version 12.1.0  GMP version 6.2.1  MPFR version 4.1.0  MPC version 1.2.1  isl version isl-0.24-GMP]
  ignore line: []
  ignore line: [GGC heuristics: --param ggc-min-expand=100 --param ggc-min-heapsize=131072]
  ignore line: [Compiler executable checksum: 96af034a015cb8ec1cc901b1f6dd702c]
  ignore line: [COLLECT_GCC_OPTIONS='-v' '-o' 'CMakeFiles/cmTC_e5519.dir/CMakeCCompilerABI.c.o' '-c' '-mtune=generic' '-march=x86-64' '-dumpdir' 'CMakeFiles/cmTC_e5519.dir/']
  ignore line: [ as -v --64 -o CMakeFiles/cmTC_e5519.dir/CMakeCCompilerABI.c.o /tmp/ccCIDbhx.s]
  ignore line: [GNU assembler version 2.37 (x86_64-pc-linux-gnu) using BFD version (GNU Binutils) 2.37]
  ignore line: [COMPILER_PATH=/cvmfs/sphenix.sdcc.bnl.gov/gcc-12.1.0/opt/sphenix/core/gcc/12.1.0-57c96/x86_64-centos7/bin/../libexec/gcc/x86_64-pc-linux-gnu/12.1.0/:/cvmfs/sphenix.sdcc.bnl.gov/gcc-12.1.0/opt/sphenix/core/gcc/12.1.0-57c96/x86_64-centos7/bin/../libexec/gcc/:/cvmfs/sphenix.sdcc.bnl.gov/gcc-12.1.0/opt/sphenix/core/gcc/12.1.0-57c96/x86_64-centos7/]
  ignore line: [LIBRARY_PATH=/cvmfs/sphenix.sdcc.bnl.gov/gcc-12.1.0/opt/sphenix/core/gcc/12.1.0-57c96/x86_64-centos7/bin/../lib/gcc/x86_64-pc-linux-gnu/12.1.0/:/cvmfs/sphenix.sdcc.bnl.gov/gcc-12.1.0/opt/sphenix/core/gcc/12.1.0-57c96/x86_64-centos7/bin/../lib/gcc/:/cvmfs/sphenix.sdcc.bnl.gov/gcc-12.1.0/opt/sphenix/core/gcc/12.1.0-57c96/x86_64-centos7/bin/../lib/gcc/x86_64-pc-linux-gnu/12.1.0/../../../../lib64/:/lib/../lib64/:/usr/lib/../lib64/:/cvmfs/sphenix.sdcc.bnl.gov/gcc-12.1.0/opt/sphenix/core/gcc/12.1.0-57c96/x86_64-centos7/bin/../lib/gcc/x86_64-pc-linux-gnu/12.1.0/../../../:/lib/:/usr/lib/]
  ignore line: [COLLECT_GCC_OPTIONS='-v' '-o' 'CMakeFiles/cmTC_e5519.dir/CMakeCCompilerABI.c.o' '-c' '-mtune=generic' '-march=x86-64' '-dumpdir' 'CMakeFiles/cmTC_e5519.dir/CMakeCCompilerABI.c.']
  ignore line: [Linking C executable cmTC_e5519]
  ignore line: [/cvmfs/sphenix.sdcc.bnl.gov/gcc-12.1.0/opt/sphenix/utils/stow/cmake-3.24.2/bin/cmake -E cmake_link_script CMakeFiles/cmTC_e5519.dir/link.txt --verbose=1]
  ignore line: [/cvmfs/sphenix.sdcc.bnl.gov/gcc-12.1.0/opt/sphenix/core/gcc/12.1.0-57c96/x86_64-centos7/bin/gcc  -v CMakeFiles/cmTC_e5519.dir/CMakeCCompilerABI.c.o -o cmTC_e5519 ]
  ignore line: [Using built-in specs.]
  ignore line: [COLLECT_GCC=/cvmfs/sphenix.sdcc.bnl.gov/gcc-12.1.0/opt/sphenix/core/gcc/12.1.0-57c96/x86_64-centos7/bin/gcc]
  ignore line: [COLLECT_LTO_WRAPPER=/cvmfs/sphenix.sdcc.bnl.gov/gcc-12.1.0/opt/sphenix/core/gcc/12.1.0-57c96/x86_64-centos7/bin/../libexec/gcc/x86_64-pc-linux-gnu/12.1.0/lto-wrapper]
  ignore line: [Target: x86_64-pc-linux-gnu]
  ignore line: [Configured with: /workspace/build/contrib/gcc-12.1.0/src/gcc/12.1.0/configure --prefix=/workspace/lcgcmake-install/gcc/12.1.0/x86_64-centos7 --disable-nls --with-system-zlib --disable-multilib --enable-languages=all --with-gnu-ld --with-gnu-as --enable-__cxa_atexit --disable-libunwind-exceptions --enable-gnu-unique-object --enable-plugin --with-linker-hash-style=gnu --enable-linker-build-id --enable-libstdcxx-time=rt --enable-shared --disable-libgcj]
  ignore line: [Thread model: posix]
  ignore line: [Supported LTO compression algorithms: zlib]
  ignore line: [gcc version 12.1.0 (GCC) ]
  ignore line: [COMPILER_PATH=/cvmfs/sphenix.sdcc.bnl.gov/gcc-12.1.0/opt/sphenix/core/gcc/12.1.0-57c96/x86_64-centos7/bin/../libexec/gcc/x86_64-pc-linux-gnu/12.1.0/:/cvmfs/sphenix.sdcc.bnl.gov/gcc-12.1.0/opt/sphenix/core/gcc/12.1.0-57c96/x86_64-centos7/bin/../libexec/gcc/:/cvmfs/sphenix.sdcc.bnl.gov/gcc-12.1.0/opt/sphenix/core/gcc/12.1.0-57c96/x86_64-centos7/]
  ignore line: [LIBRARY_PATH=/cvmfs/sphenix.sdcc.bnl.gov/gcc-12.1.0/opt/sphenix/core/gcc/12.1.0-57c96/x86_64-centos7/bin/../lib/gcc/x86_64-pc-linux-gnu/12.1.0/:/cvmfs/sphenix.sdcc.bnl.gov/gcc-12.1.0/opt/sphenix/core/gcc/12.1.0-57c96/x86_64-centos7/bin/../lib/gcc/:/cvmfs/sphenix.sdcc.bnl.gov/gcc-12.1.0/opt/sphenix/core/gcc/12.1.0-57c96/x86_64-centos7/bin/../lib/gcc/x86_64-pc-linux-gnu/12.1.0/../../../../lib64/:/lib/../lib64/:/usr/lib/../lib64/:/cvmfs/sphenix.sdcc.bnl.gov/gcc-12.1.0/opt/sphenix/core/gcc/12.1.0-57c96/x86_64-centos7/bin/../lib/gcc/x86_64-pc-linux-gnu/12.1.0/../../../:/lib/:/usr/lib/]
  ignore line: [COLLECT_GCC_OPTIONS='-v' '-o' 'cmTC_e5519' '-mtune=generic' '-march=x86-64' '-dumpdir' 'cmTC_e5519.']
  link line: [ /cvmfs/sphenix.sdcc.bnl.gov/gcc-12.1.0/opt/sphenix/core/gcc/12.1.0-57c96/x86_64-centos7/bin/../libexec/gcc/x86_64-pc-linux-gnu/12.1.0/collect2 -plugin /cvmfs/sphenix.sdcc.bnl.gov/gcc-12.1.0/opt/sphenix/core/gcc/12.1.0-57c96/x86_64-centos7/bin/../libexec/gcc/x86_64-pc-linux-gnu/12.1.0/liblto_plugin.so -plugin-opt=/cvmfs/sphenix.sdcc.bnl.gov/gcc-12.1.0/opt/sphenix/core/gcc/12.1.0-57c96/x86_64-centos7/bin/../libexec/gcc/x86_64-pc-linux-gnu/12.1.0/lto-wrapper -plugin-opt=-fresolution=/tmp/ccV7rGJE.res -plugin-opt=-pass-through=-lgcc -plugin-opt=-pass-through=-lgcc_s -plugin-opt=-pass-through=-lc -plugin-opt=-pass-through=-lgcc -plugin-opt=-pass-through=-lgcc_s --build-id --eh-frame-hdr --hash-style=gnu -m elf_x86_64 -dynamic-linker /lib64/ld-linux-x86-64.so.2 -o cmTC_e5519 /lib/../lib64/crt1.o /lib/../lib64/crti.o /cvmfs/sphenix.sdcc.bnl.gov/gcc-12.1.0/opt/sphenix/core/gcc/12.1.0-57c96/x86_64-centos7/bin/../lib/gcc/x86_64-pc-linux-gnu/12.1.0/crtbegin.o -L/cvmfs/sphenix.sdcc.bnl.gov/gcc-12.1.0/opt/sphenix/core/gcc/12.1.0-57c96/x86_64-centos7/bin/../lib/gcc/x86_64-pc-linux-gnu/12.1.0 -L/cvmfs/sphenix.sdcc.bnl.gov/gcc-12.1.0/opt/sphenix/core/gcc/12.1.0-57c96/x86_64-centos7/bin/../lib/gcc -L/cvmfs/sphenix.sdcc.bnl.gov/gcc-12.1.0/opt/sphenix/core/gcc/12.1.0-57c96/x86_64-centos7/bin/../lib/gcc/x86_64-pc-linux-gnu/12.1.0/../../../../lib64 -L/lib/../lib64 -L/usr/lib/../lib64 -L/cvmfs/sphenix.sdcc.bnl.gov/gcc-12.1.0/opt/sphenix/core/gcc/12.1.0-57c96/x86_64-centos7/bin/../lib/gcc/x86_64-pc-linux-gnu/12.1.0/../../.. CMakeFiles/cmTC_e5519.dir/CMakeCCompilerABI.c.o -lgcc --push-state --as-needed -lgcc_s --pop-state -lc -lgcc --push-state --as-needed -lgcc_s --pop-state /cvmfs/sphenix.sdcc.bnl.gov/gcc-12.1.0/opt/sphenix/core/gcc/12.1.0-57c96/x86_64-centos7/bin/../lib/gcc/x86_64-pc-linux-gnu/12.1.0/crtend.o /lib/../lib64/crtn.o]
    arg [/cvmfs/sphenix.sdcc.bnl.gov/gcc-12.1.0/opt/sphenix/core/gcc/12.1.0-57c96/x86_64-centos7/bin/../libexec/gcc/x86_64-pc-linux-gnu/12.1.0/collect2] ==> ignore
    arg [-plugin] ==> ignore
    arg [/cvmfs/sphenix.sdcc.bnl.gov/gcc-12.1.0/opt/sphenix/core/gcc/12.1.0-57c96/x86_64-centos7/bin/../libexec/gcc/x86_64-pc-linux-gnu/12.1.0/liblto_plugin.so] ==> ignore
    arg [-plugin-opt=/cvmfs/sphenix.sdcc.bnl.gov/gcc-12.1.0/opt/sphenix/core/gcc/12.1.0-57c96/x86_64-centos7/bin/../libexec/gcc/x86_64-pc-linux-gnu/12.1.0/lto-wrapper] ==> ignore
    arg [-plugin-opt=-fresolution=/tmp/ccV7rGJE.res] ==> ignore
    arg [-plugin-opt=-pass-through=-lgcc] ==> ignore
    arg [-plugin-opt=-pass-through=-lgcc_s] ==> ignore
    arg [-plugin-opt=-pass-through=-lc] ==> ignore
    arg [-plugin-opt=-pass-through=-lgcc] ==> ignore
    arg [-plugin-opt=-pass-through=-lgcc_s] ==> ignore
    arg [--build-id] ==> ignore
    arg [--eh-frame-hdr] ==> ignore
    arg [--hash-style=gnu] ==> ignore
    arg [-m] ==> ignore
    arg [elf_x86_64] ==> ignore
    arg [-dynamic-linker] ==> ignore
    arg [/lib64/ld-linux-x86-64.so.2] ==> ignore
    arg [-o] ==> ignore
    arg [cmTC_e5519] ==> ignore
    arg [/lib/../lib64/crt1.o] ==> obj [/lib/../lib64/crt1.o]
    arg [/lib/../lib64/crti.o] ==> obj [/lib/../lib64/crti.o]
    arg [/cvmfs/sphenix.sdcc.bnl.gov/gcc-12.1.0/opt/sphenix/core/gcc/12.1.0-57c96/x86_64-centos7/bin/../lib/gcc/x86_64-pc-linux-gnu/12.1.0/crtbegin.o] ==> obj [/cvmfs/sphenix.sdcc.bnl.gov/gcc-12.1.0/opt/sphenix/core/gcc/12.1.0-57c96/x86_64-centos7/bin/../lib/gcc/x86_64-pc-linux-gnu/12.1.0/crtbegin.o]
    arg [-L/cvmfs/sphenix.sdcc.bnl.gov/gcc-12.1.0/opt/sphenix/core/gcc/12.1.0-57c96/x86_64-centos7/bin/../lib/gcc/x86_64-pc-linux-gnu/12.1.0] ==> dir [/cvmfs/sphenix.sdcc.bnl.gov/gcc-12.1.0/opt/sphenix/core/gcc/12.1.0-57c96/x86_64-centos7/bin/../lib/gcc/x86_64-pc-linux-gnu/12.1.0]
    arg [-L/cvmfs/sphenix.sdcc.bnl.gov/gcc-12.1.0/opt/sphenix/core/gcc/12.1.0-57c96/x86_64-centos7/bin/../lib/gcc] ==> dir [/cvmfs/sphenix.sdcc.bnl.gov/gcc-12.1.0/opt/sphenix/core/gcc/12.1.0-57c96/x86_64-centos7/bin/../lib/gcc]
    arg [-L/cvmfs/sphenix.sdcc.bnl.gov/gcc-12.1.0/opt/sphenix/core/gcc/12.1.0-57c96/x86_64-centos7/bin/../lib/gcc/x86_64-pc-linux-gnu/12.1.0/../../../../lib64] ==> dir [/cvmfs/sphenix.sdcc.bnl.gov/gcc-12.1.0/opt/sphenix/core/gcc/12.1.0-57c96/x86_64-centos7/bin/../lib/gcc/x86_64-pc-linux-gnu/12.1.0/../../../../lib64]
    arg [-L/lib/../lib64] ==> dir [/lib/../lib64]
    arg [-L/usr/lib/../lib64] ==> dir [/usr/lib/../lib64]
    arg [-L/cvmfs/sphenix.sdcc.bnl.gov/gcc-12.1.0/opt/sphenix/core/gcc/12.1.0-57c96/x86_64-centos7/bin/../lib/gcc/x86_64-pc-linux-gnu/12.1.0/../../..] ==> dir [/cvmfs/sphenix.sdcc.bnl.gov/gcc-12.1.0/opt/sphenix/core/gcc/12.1.0-57c96/x86_64-centos7/bin/../lib/gcc/x86_64-pc-linux-gnu/12.1.0/../../..]
    arg [CMakeFiles/cmTC_e5519.dir/CMakeCCompilerABI.c.o] ==> ignore
    arg [-lgcc] ==> lib [gcc]
    arg [--push-state] ==> ignore
    arg [--as-needed] ==> ignore
    arg [-lgcc_s] ==> lib [gcc_s]
    arg [--pop-state] ==> ignore
    arg [-lc] ==> lib [c]
    arg [-lgcc] ==> lib [gcc]
    arg [--push-state] ==> ignore
    arg [--as-needed] ==> ignore
    arg [-lgcc_s] ==> lib [gcc_s]
    arg [--pop-state] ==> ignore
    arg [/cvmfs/sphenix.sdcc.bnl.gov/gcc-12.1.0/opt/sphenix/core/gcc/12.1.0-57c96/x86_64-centos7/bin/../lib/gcc/x86_64-pc-linux-gnu/12.1.0/crtend.o] ==> obj [/cvmfs/sphenix.sdcc.bnl.gov/gcc-12.1.0/opt/sphenix/core/gcc/12.1.0-57c96/x86_64-centos7/bin/../lib/gcc/x86_64-pc-linux-gnu/12.1.0/crtend.o]
    arg [/lib/../lib64/crtn.o] ==> obj [/lib/../lib64/crtn.o]
  collapse obj [/lib/../lib64/crt1.o] ==> [/lib64/crt1.o]
  collapse obj [/lib/../lib64/crti.o] ==> [/lib64/crti.o]
  collapse obj [/cvmfs/sphenix.sdcc.bnl.gov/gcc-12.1.0/opt/sphenix/core/gcc/12.1.0-57c96/x86_64-centos7/bin/../lib/gcc/x86_64-pc-linux-gnu/12.1.0/crtbegin.o] ==> [/cvmfs/sphenix.sdcc.bnl.gov/gcc-12.1.0/opt/sphenix/core/gcc/12.1.0-57c96/x86_64-centos7/lib/gcc/x86_64-pc-linux-gnu/12.1.0/crtbegin.o]
  collapse obj [/cvmfs/sphenix.sdcc.bnl.gov/gcc-12.1.0/opt/sphenix/core/gcc/12.1.0-57c96/x86_64-centos7/bin/../lib/gcc/x86_64-pc-linux-gnu/12.1.0/crtend.o] ==> [/cvmfs/sphenix.sdcc.bnl.gov/gcc-12.1.0/opt/sphenix/core/gcc/12.1.0-57c96/x86_64-centos7/lib/gcc/x86_64-pc-linux-gnu/12.1.0/crtend.o]
  collapse obj [/lib/../lib64/crtn.o] ==> [/lib64/crtn.o]
  collapse library dir [/cvmfs/sphenix.sdcc.bnl.gov/gcc-12.1.0/opt/sphenix/core/gcc/12.1.0-57c96/x86_64-centos7/bin/../lib/gcc/x86_64-pc-linux-gnu/12.1.0] ==> [/cvmfs/sphenix.sdcc.bnl.gov/gcc-12.1.0/opt/sphenix/core/gcc/12.1.0-57c96/x86_64-centos7/lib/gcc/x86_64-pc-linux-gnu/12.1.0]
  collapse library dir [/cvmfs/sphenix.sdcc.bnl.gov/gcc-12.1.0/opt/sphenix/core/gcc/12.1.0-57c96/x86_64-centos7/bin/../lib/gcc] ==> [/cvmfs/sphenix.sdcc.bnl.gov/gcc-12.1.0/opt/sphenix/core/gcc/12.1.0-57c96/x86_64-centos7/lib/gcc]
  collapse library dir [/cvmfs/sphenix.sdcc.bnl.gov/gcc-12.1.0/opt/sphenix/core/gcc/12.1.0-57c96/x86_64-centos7/bin/../lib/gcc/x86_64-pc-linux-gnu/12.1.0/../../../../lib64] ==> [/cvmfs/sphenix.sdcc.bnl.gov/gcc-12.1.0/opt/sphenix/core/gcc/12.1.0-57c96/x86_64-centos7/lib64]
  collapse library dir [/lib/../lib64] ==> [/lib64]
  collapse library dir [/usr/lib/../lib64] ==> [/usr/lib64]
  collapse library dir [/cvmfs/sphenix.sdcc.bnl.gov/gcc-12.1.0/opt/sphenix/core/gcc/12.1.0-57c96/x86_64-centos7/bin/../lib/gcc/x86_64-pc-linux-gnu/12.1.0/../../..] ==> [/cvmfs/sphenix.sdcc.bnl.gov/gcc-12.1.0/opt/sphenix/core/gcc/12.1.0-57c96/x86_64-centos7/lib]
  implicit libs: [gcc;gcc_s;c;gcc;gcc_s]
  implicit objs: [/lib64/crt1.o;/lib64/crti.o;/cvmfs/sphenix.sdcc.bnl.gov/gcc-12.1.0/opt/sphenix/core/gcc/12.1.0-57c96/x86_64-centos7/lib/gcc/x86_64-pc-linux-gnu/12.1.0/crtbegin.o;/cvmfs/sphenix.sdcc.bnl.gov/gcc-12.1.0/opt/sphenix/core/gcc/12.1.0-57c96/x86_64-centos7/lib/gcc/x86_64-pc-linux-gnu/12.1.0/crtend.o;/lib64/crtn.o]
  implicit dirs: [/cvmfs/sphenix.sdcc.bnl.gov/gcc-12.1.0/opt/sphenix/core/gcc/12.1.0-57c96/x86_64-centos7/lib/gcc/x86_64-pc-linux-gnu/12.1.0;/cvmfs/sphenix.sdcc.bnl.gov/gcc-12.1.0/opt/sphenix/core/gcc/12.1.0-57c96/x86_64-centos7/lib/gcc;/cvmfs/sphenix.sdcc.bnl.gov/gcc-12.1.0/opt/sphenix/core/gcc/12.1.0-57c96/x86_64-centos7/lib64;/lib64;/usr/lib64;/cvmfs/sphenix.sdcc.bnl.gov/gcc-12.1.0/opt/sphenix/core/gcc/12.1.0-57c96/x86_64-centos7/lib]
  implicit fwks: []


Detecting CXX compiler ABI info compiled with the following output:
Change Dir: /gpfs/mnt/gpfs02/sphenix/user/zshi/FastMLUConn/HFMLTriggerCodes/EvtGenLocal/build/CMakeFiles/CMakeTmp

Run Build Command(s):/usr/bin/gmake -f Makefile cmTC_c97ed/fast && /usr/bin/gmake  -f CMakeFiles/cmTC_c97ed.dir/build.make CMakeFiles/cmTC_c97ed.dir/build
gmake[1]: Entering directory `/gpfs/mnt/gpfs02/sphenix/user/zshi/FastMLUConn/HFMLTriggerCodes/EvtGenLocal/build/CMakeFiles/CMakeTmp'
Building CXX object CMakeFiles/cmTC_c97ed.dir/CMakeCXXCompilerABI.cpp.o
/cvmfs/sphenix.sdcc.bnl.gov/gcc-12.1.0/opt/sphenix/core/gcc/12.1.0-57c96/x86_64-centos7/bin/g++   -v -o CMakeFiles/cmTC_c97ed.dir/CMakeCXXCompilerABI.cpp.o -c /cvmfs/sphenix.sdcc.bnl.gov/gcc-12.1.0/opt/sphenix/utils/stow/cmake-3.24.2/share/cmake-3.24/Modules/CMakeCXXCompilerABI.cpp
Using built-in specs.
COLLECT_GCC=/cvmfs/sphenix.sdcc.bnl.gov/gcc-12.1.0/opt/sphenix/core/gcc/12.1.0-57c96/x86_64-centos7/bin/g++
Target: x86_64-pc-linux-gnu
Configured with: /workspace/build/contrib/gcc-12.1.0/src/gcc/12.1.0/configure --prefix=/workspace/lcgcmake-install/gcc/12.1.0/x86_64-centos7 --disable-nls --with-system-zlib --disable-multilib --enable-languages=all --with-gnu-ld --with-gnu-as --enable-__cxa_atexit --disable-libunwind-exceptions --enable-gnu-unique-object --enable-plugin --with-linker-hash-style=gnu --enable-linker-build-id --enable-libstdcxx-time=rt --enable-shared --disable-libgcj
Thread model: posix
Supported LTO compression algorithms: zlib
gcc version 12.1.0 (GCC) 
COLLECT_GCC_OPTIONS='-v' '-o' 'CMakeFiles/cmTC_c97ed.dir/CMakeCXXCompilerABI.cpp.o' '-c' '-shared-libgcc' '-mtune=generic' '-march=x86-64' '-dumpdir' 'CMakeFiles/cmTC_c97ed.dir/'
 /cvmfs/sphenix.sdcc.bnl.gov/gcc-12.1.0/opt/sphenix/core/gcc/12.1.0-57c96/x86_64-centos7/bin/../libexec/gcc/x86_64-pc-linux-gnu/12.1.0/cc1plus -quiet -v -iprefix /cvmfs/sphenix.sdcc.bnl.gov/gcc-12.1.0/opt/sphenix/core/gcc/12.1.0-57c96/x86_64-centos7/bin/../lib/gcc/x86_64-pc-linux-gnu/12.1.0/ -isystem /cvmfs/sphenix.sdcc.bnl.gov/gcc-12.1.0/opt/sphenix/core/gcc/12.1.0-57c96/x86_64-centos7/include -D_GNU_SOURCE /cvmfs/sphenix.sdcc.bnl.gov/gcc-12.1.0/opt/sphenix/utils/stow/cmake-3.24.2/share/cmake-3.24/Modules/CMakeCXXCompilerABI.cpp -quiet -dumpdir CMakeFiles/cmTC_c97ed.dir/ -dumpbase CMakeCXXCompilerABI.cpp.cpp -dumpbase-ext .cpp -mtune=generic -march=x86-64 -version -o /tmp/ccubLLvO.s
GNU C++17 (GCC) version 12.1.0 (x86_64-pc-linux-gnu)
	compiled by GNU C version 12.1.0, GMP version 6.2.1, MPFR version 4.1.0, MPC version 1.2.1, isl version isl-0.24-GMP

GGC heuristics: --param ggc-min-expand=100 --param ggc-min-heapsize=131072
ignoring nonexistent directory "/cvmfs/sphenix.sdcc.bnl.gov/gcc-12.1.0/opt/sphenix/core/gcc/12.1.0-57c96/x86_64-centos7/bin/../lib/gcc/x86_64-pc-linux-gnu/12.1.0/../../../../x86_64-pc-linux-gnu/include"
ignoring duplicate directory "/cvmfs/sphenix.sdcc.bnl.gov/gcc-12.1.0/opt/sphenix/core/gcc/12.1.0-57c96/x86_64-centos7/bin/../lib/gcc/../../lib/gcc/x86_64-pc-linux-gnu/12.1.0/../../../../include/c++/12.1.0"
ignoring duplicate directory "/cvmfs/sphenix.sdcc.bnl.gov/gcc-12.1.0/opt/sphenix/core/gcc/12.1.0-57c96/x86_64-centos7/bin/../lib/gcc/../../lib/gcc/x86_64-pc-linux-gnu/12.1.0/../../../../include/c++/12.1.0/x86_64-pc-linux-gnu"
ignoring duplicate directory "/cvmfs/sphenix.sdcc.bnl.gov/gcc-12.1.0/opt/sphenix/core/gcc/12.1.0-57c96/x86_64-centos7/bin/../lib/gcc/../../lib/gcc/x86_64-pc-linux-gnu/12.1.0/../../../../include/c++/12.1.0/backward"
ignoring duplicate directory "/cvmfs/sphenix.sdcc.bnl.gov/gcc-12.1.0/opt/sphenix/core/gcc/12.1.0-57c96/x86_64-centos7/bin/../lib/gcc/../../lib/gcc/x86_64-pc-linux-gnu/12.1.0/include"
ignoring duplicate directory "/cvmfs/sphenix.sdcc.bnl.gov/gcc-12.1.0/opt/sphenix/core/gcc/12.1.0-57c96/x86_64-centos7/bin/../lib/gcc/../../include"
ignoring duplicate directory "/cvmfs/sphenix.sdcc.bnl.gov/gcc-12.1.0/opt/sphenix/core/gcc/12.1.0-57c96/x86_64-centos7/bin/../lib/gcc/../../lib/gcc/x86_64-pc-linux-gnu/12.1.0/include-fixed"
ignoring nonexistent directory "/cvmfs/sphenix.sdcc.bnl.gov/gcc-12.1.0/opt/sphenix/core/gcc/12.1.0-57c96/x86_64-centos7/bin/../lib/gcc/../../lib/gcc/x86_64-pc-linux-gnu/12.1.0/../../../../x86_64-pc-linux-gnu/include"
#include "..." search starts here:
#include <...> search starts here:
 /cvmfs/sphenix.sdcc.bnl.gov/gcc-12.1.0/opt/sphenix/core/gcc/12.1.0-57c96/x86_64-centos7/include
 /cvmfs/sphenix.sdcc.bnl.gov/gcc-12.1.0/opt/sphenix/core/gcc/12.1.0-57c96/x86_64-centos7/bin/../lib/gcc/x86_64-pc-linux-gnu/12.1.0/../../../../include/c++/12.1.0
 /cvmfs/sphenix.sdcc.bnl.gov/gcc-12.1.0/opt/sphenix/core/gcc/12.1.0-57c96/x86_64-centos7/bin/../lib/gcc/x86_64-pc-linux-gnu/12.1.0/../../../../include/c++/12.1.0/x86_64-pc-linux-gnu
 /cvmfs/sphenix.sdcc.bnl.gov/gcc-12.1.0/opt/sphenix/core/gcc/12.1.0-57c96/x86_64-centos7/bin/../lib/gcc/x86_64-pc-linux-gnu/12.1.0/../../../../include/c++/12.1.0/backward
 /cvmfs/sphenix.sdcc.bnl.gov/gcc-12.1.0/opt/sphenix/core/gcc/12.1.0-57c96/x86_64-centos7/bin/../lib/gcc/x86_64-pc-linux-gnu/12.1.0/include
 /cvmfs/sphenix.sdcc.bnl.gov/gcc-12.1.0/opt/sphenix/core/gcc/12.1.0-57c96/x86_64-centos7/bin/../lib/gcc/x86_64-pc-linux-gnu/12.1.0/include-fixed
 /usr/local/include
 /usr/include
End of search list.
GNU C++17 (GCC) version 12.1.0 (x86_64-pc-linux-gnu)
	compiled by GNU C version 12.1.0, GMP version 6.2.1, MPFR version 4.1.0, MPC version 1.2.1, isl version isl-0.24-GMP

GGC heuristics: --param ggc-min-expand=100 --param ggc-min-heapsize=131072
Compiler executable checksum: 12bddb1895adbbc3e385bdfebd53a7f1
COLLECT_GCC_OPTIONS='-v' '-o' 'CMakeFiles/cmTC_c97ed.dir/CMakeCXXCompilerABI.cpp.o' '-c' '-shared-libgcc' '-mtune=generic' '-march=x86-64' '-dumpdir' 'CMakeFiles/cmTC_c97ed.dir/'
 as -v --64 -o CMakeFiles/cmTC_c97ed.dir/CMakeCXXCompilerABI.cpp.o /tmp/ccubLLvO.s
GNU assembler version 2.37 (x86_64-pc-linux-gnu) using BFD version (GNU Binutils) 2.37
COMPILER_PATH=/cvmfs/sphenix.sdcc.bnl.gov/gcc-12.1.0/opt/sphenix/core/gcc/12.1.0-57c96/x86_64-centos7/bin/../libexec/gcc/x86_64-pc-linux-gnu/12.1.0/:/cvmfs/sphenix.sdcc.bnl.gov/gcc-12.1.0/opt/sphenix/core/gcc/12.1.0-57c96/x86_64-centos7/bin/../libexec/gcc/:/cvmfs/sphenix.sdcc.bnl.gov/gcc-12.1.0/opt/sphenix/core/gcc/12.1.0-57c96/x86_64-centos7/
LIBRARY_PATH=/cvmfs/sphenix.sdcc.bnl.gov/gcc-12.1.0/opt/sphenix/core/gcc/12.1.0-57c96/x86_64-centos7/bin/../lib/gcc/x86_64-pc-linux-gnu/12.1.0/:/cvmfs/sphenix.sdcc.bnl.gov/gcc-12.1.0/opt/sphenix/core/gcc/12.1.0-57c96/x86_64-centos7/bin/../lib/gcc/:/cvmfs/sphenix.sdcc.bnl.gov/gcc-12.1.0/opt/sphenix/core/gcc/12.1.0-57c96/x86_64-centos7/bin/../lib/gcc/x86_64-pc-linux-gnu/12.1.0/../../../../lib64/:/lib/../lib64/:/usr/lib/../lib64/:/cvmfs/sphenix.sdcc.bnl.gov/gcc-12.1.0/opt/sphenix/core/gcc/12.1.0-57c96/x86_64-centos7/bin/../lib/gcc/x86_64-pc-linux-gnu/12.1.0/../../../:/lib/:/usr/lib/
COLLECT_GCC_OPTIONS='-v' '-o' 'CMakeFiles/cmTC_c97ed.dir/CMakeCXXCompilerABI.cpp.o' '-c' '-shared-libgcc' '-mtune=generic' '-march=x86-64' '-dumpdir' 'CMakeFiles/cmTC_c97ed.dir/CMakeCXXCompilerABI.cpp.'
Linking CXX executable cmTC_c97ed
/cvmfs/sphenix.sdcc.bnl.gov/gcc-12.1.0/opt/sphenix/utils/stow/cmake-3.24.2/bin/cmake -E cmake_link_script CMakeFiles/cmTC_c97ed.dir/link.txt --verbose=1
/cvmfs/sphenix.sdcc.bnl.gov/gcc-12.1.0/opt/sphenix/core/gcc/12.1.0-57c96/x86_64-centos7/bin/g++  -v CMakeFiles/cmTC_c97ed.dir/CMakeCXXCompilerABI.cpp.o -o cmTC_c97ed 
Using built-in specs.
COLLECT_GCC=/cvmfs/sphenix.sdcc.bnl.gov/gcc-12.1.0/opt/sphenix/core/gcc/12.1.0-57c96/x86_64-centos7/bin/g++
COLLECT_LTO_WRAPPER=/cvmfs/sphenix.sdcc.bnl.gov/gcc-12.1.0/opt/sphenix/core/gcc/12.1.0-57c96/x86_64-centos7/bin/../libexec/gcc/x86_64-pc-linux-gnu/12.1.0/lto-wrapper
Target: x86_64-pc-linux-gnu
Configured with: /workspace/build/contrib/gcc-12.1.0/src/gcc/12.1.0/configure --prefix=/workspace/lcgcmake-install/gcc/12.1.0/x86_64-centos7 --disable-nls --with-system-zlib --disable-multilib --enable-languages=all --with-gnu-ld --with-gnu-as --enable-__cxa_atexit --disable-libunwind-exceptions --enable-gnu-unique-object --enable-plugin --with-linker-hash-style=gnu --enable-linker-build-id --enable-libstdcxx-time=rt --enable-shared --disable-libgcj
Thread model: posix
Supported LTO compression algorithms: zlib
gcc version 12.1.0 (GCC) 
COMPILER_PATH=/cvmfs/sphenix.sdcc.bnl.gov/gcc-12.1.0/opt/sphenix/core/gcc/12.1.0-57c96/x86_64-centos7/bin/../libexec/gcc/x86_64-pc-linux-gnu/12.1.0/:/cvmfs/sphenix.sdcc.bnl.gov/gcc-12.1.0/opt/sphenix/core/gcc/12.1.0-57c96/x86_64-centos7/bin/../libexec/gcc/:/cvmfs/sphenix.sdcc.bnl.gov/gcc-12.1.0/opt/sphenix/core/gcc/12.1.0-57c96/x86_64-centos7/
LIBRARY_PATH=/cvmfs/sphenix.sdcc.bnl.gov/gcc-12.1.0/opt/sphenix/core/gcc/12.1.0-57c96/x86_64-centos7/bin/../lib/gcc/x86_64-pc-linux-gnu/12.1.0/:/cvmfs/sphenix.sdcc.bnl.gov/gcc-12.1.0/opt/sphenix/core/gcc/12.1.0-57c96/x86_64-centos7/bin/../lib/gcc/:/cvmfs/sphenix.sdcc.bnl.gov/gcc-12.1.0/opt/sphenix/core/gcc/12.1.0-57c96/x86_64-centos7/bin/../lib/gcc/x86_64-pc-linux-gnu/12.1.0/../../../../lib64/:/lib/../lib64/:/usr/lib/../lib64/:/cvmfs/sphenix.sdcc.bnl.gov/gcc-12.1.0/opt/sphenix/core/gcc/12.1.0-57c96/x86_64-centos7/bin/../lib/gcc/x86_64-pc-linux-gnu/12.1.0/../../../:/lib/:/usr/lib/
COLLECT_GCC_OPTIONS='-v' '-o' 'cmTC_c97ed' '-shared-libgcc' '-mtune=generic' '-march=x86-64' '-dumpdir' 'cmTC_c97ed.'
 /cvmfs/sphenix.sdcc.bnl.gov/gcc-12.1.0/opt/sphenix/core/gcc/12.1.0-57c96/x86_64-centos7/bin/../libexec/gcc/x86_64-pc-linux-gnu/12.1.0/collect2 -plugin /cvmfs/sphenix.sdcc.bnl.gov/gcc-12.1.0/opt/sphenix/core/gcc/12.1.0-57c96/x86_64-centos7/bin/../libexec/gcc/x86_64-pc-linux-gnu/12.1.0/liblto_plugin.so -plugin-opt=/cvmfs/sphenix.sdcc.bnl.gov/gcc-12.1.0/opt/sphenix/core/gcc/12.1.0-57c96/x86_64-centos7/bin/../libexec/gcc/x86_64-pc-linux-gnu/12.1.0/lto-wrapper -plugin-opt=-fresolution=/tmp/cc8XRMXN.res -plugin-opt=-pass-through=-lgcc_s -plugin-opt=-pass-through=-lgcc -plugin-opt=-pass-through=-lc -plugin-opt=-pass-through=-lgcc_s -plugin-opt=-pass-through=-lgcc --build-id --eh-frame-hdr --hash-style=gnu -m elf_x86_64 -dynamic-linker /lib64/ld-linux-x86-64.so.2 -o cmTC_c97ed /lib/../lib64/crt1.o /lib/../lib64/crti.o /cvmfs/sphenix.sdcc.bnl.gov/gcc-12.1.0/opt/sphenix/core/gcc/12.1.0-57c96/x86_64-centos7/bin/../lib/gcc/x86_64-pc-linux-gnu/12.1.0/crtbegin.o -L/cvmfs/sphenix.sdcc.bnl.gov/gcc-12.1.0/opt/sphenix/core/gcc/12.1.0-57c96/x86_64-centos7/bin/../lib/gcc/x86_64-pc-linux-gnu/12.1.0 -L/cvmfs/sphenix.sdcc.bnl.gov/gcc-12.1.0/opt/sphenix/core/gcc/12.1.0-57c96/x86_64-centos7/bin/../lib/gcc -L/cvmfs/sphenix.sdcc.bnl.gov/gcc-12.1.0/opt/sphenix/core/gcc/12.1.0-57c96/x86_64-centos7/bin/../lib/gcc/x86_64-pc-linux-gnu/12.1.0/../../../../lib64 -L/lib/../lib64 -L/usr/lib/../lib64 -L/cvmfs/sphenix.sdcc.bnl.gov/gcc-12.1.0/opt/sphenix/core/gcc/12.1.0-57c96/x86_64-centos7/bin/../lib/gcc/x86_64-pc-linux-gnu/12.1.0/../../.. CMakeFiles/cmTC_c97ed.dir/CMakeCXXCompilerABI.cpp.o -lstdc++ -lm -lgcc_s -lgcc -lc -lgcc_s -lgcc /cvmfs/sphenix.sdcc.bnl.gov/gcc-12.1.0/opt/sphenix/core/gcc/12.1.0-57c96/x86_64-centos7/bin/../lib/gcc/x86_64-pc-linux-gnu/12.1.0/crtend.o /lib/../lib64/crtn.o
COLLECT_GCC_OPTIONS='-v' '-o' 'cmTC_c97ed' '-shared-libgcc' '-mtune=generic' '-march=x86-64' '-dumpdir' 'cmTC_c97ed.'
gmake[1]: Leaving directory `/gpfs/mnt/gpfs02/sphenix/user/zshi/FastMLUConn/HFMLTriggerCodes/EvtGenLocal/build/CMakeFiles/CMakeTmp'



Parsed CXX implicit include dir info from above output: rv=done
  found start of include info
  found start of implicit include info
    add: [/cvmfs/sphenix.sdcc.bnl.gov/gcc-12.1.0/opt/sphenix/core/gcc/12.1.0-57c96/x86_64-centos7/include]
    add: [/cvmfs/sphenix.sdcc.bnl.gov/gcc-12.1.0/opt/sphenix/core/gcc/12.1.0-57c96/x86_64-centos7/bin/../lib/gcc/x86_64-pc-linux-gnu/12.1.0/../../../../include/c++/12.1.0]
    add: [/cvmfs/sphenix.sdcc.bnl.gov/gcc-12.1.0/opt/sphenix/core/gcc/12.1.0-57c96/x86_64-centos7/bin/../lib/gcc/x86_64-pc-linux-gnu/12.1.0/../../../../include/c++/12.1.0/x86_64-pc-linux-gnu]
    add: [/cvmfs/sphenix.sdcc.bnl.gov/gcc-12.1.0/opt/sphenix/core/gcc/12.1.0-57c96/x86_64-centos7/bin/../lib/gcc/x86_64-pc-linux-gnu/12.1.0/../../../../include/c++/12.1.0/backward]
    add: [/cvmfs/sphenix.sdcc.bnl.gov/gcc-12.1.0/opt/sphenix/core/gcc/12.1.0-57c96/x86_64-centos7/bin/../lib/gcc/x86_64-pc-linux-gnu/12.1.0/include]
    add: [/cvmfs/sphenix.sdcc.bnl.gov/gcc-12.1.0/opt/sphenix/core/gcc/12.1.0-57c96/x86_64-centos7/bin/../lib/gcc/x86_64-pc-linux-gnu/12.1.0/include-fixed]
    add: [/usr/local/include]
    add: [/usr/include]
  end of search list found
  collapse include dir [/cvmfs/sphenix.sdcc.bnl.gov/gcc-12.1.0/opt/sphenix/core/gcc/12.1.0-57c96/x86_64-centos7/include] ==> [/cvmfs/sphenix.sdcc.bnl.gov/gcc-12.1.0/opt/sphenix/core/gcc/12.1.0-57c96/x86_64-centos7/include]
  collapse include dir [/cvmfs/sphenix.sdcc.bnl.gov/gcc-12.1.0/opt/sphenix/core/gcc/12.1.0-57c96/x86_64-centos7/bin/../lib/gcc/x86_64-pc-linux-gnu/12.1.0/../../../../include/c++/12.1.0] ==> [/cvmfs/sphenix.sdcc.bnl.gov/gcc-12.1.0/opt/sphenix/core/gcc/12.1.0-57c96/x86_64-centos7/include/c++/12.1.0]
  collapse include dir [/cvmfs/sphenix.sdcc.bnl.gov/gcc-12.1.0/opt/sphenix/core/gcc/12.1.0-57c96/x86_64-centos7/bin/../lib/gcc/x86_64-pc-linux-gnu/12.1.0/../../../../include/c++/12.1.0/x86_64-pc-linux-gnu] ==> [/cvmfs/sphenix.sdcc.bnl.gov/gcc-12.1.0/opt/sphenix/core/gcc/12.1.0-57c96/x86_64-centos7/include/c++/12.1.0/x86_64-pc-linux-gnu]
  collapse include dir [/cvmfs/sphenix.sdcc.bnl.gov/gcc-12.1.0/opt/sphenix/core/gcc/12.1.0-57c96/x86_64-centos7/bin/../lib/gcc/x86_64-pc-linux-gnu/12.1.0/../../../../include/c++/12.1.0/backward] ==> [/cvmfs/sphenix.sdcc.bnl.gov/gcc-12.1.0/opt/sphenix/core/gcc/12.1.0-57c96/x86_64-centos7/include/c++/12.1.0/backward]
  collapse include dir [/cvmfs/sphenix.sdcc.bnl.gov/gcc-12.1.0/opt/sphenix/core/gcc/12.1.0-57c96/x86_64-centos7/bin/../lib/gcc/x86_64-pc-linux-gnu/12.1.0/include] ==> [/cvmfs/sphenix.sdcc.bnl.gov/gcc-12.1.0/opt/sphenix/core/gcc/12.1.0-57c96/x86_64-centos7/lib/gcc/x86_64-pc-linux-gnu/12.1.0/include]
  collapse include dir [/cvmfs/sphenix.sdcc.bnl.gov/gcc-12.1.0/opt/sphenix/core/gcc/12.1.0-57c96/x86_64-centos7/bin/../lib/gcc/x86_64-pc-linux-gnu/12.1.0/include-fixed] ==> [/cvmfs/sphenix.sdcc.bnl.gov/gcc-12.1.0/opt/sphenix/core/gcc/12.1.0-57c96/x86_64-centos7/lib/gcc/x86_64-pc-linux-gnu/12.1.0/include-fixed]
  collapse include dir [/usr/local/include] ==> [/usr/local/include]
  collapse include dir [/usr/include] ==> [/usr/include]
  implicit include dirs: [/cvmfs/sphenix.sdcc.bnl.gov/gcc-12.1.0/opt/sphenix/core/gcc/12.1.0-57c96/x86_64-centos7/include;/cvmfs/sphenix.sdcc.bnl.gov/gcc-12.1.0/opt/sphenix/core/gcc/12.1.0-57c96/x86_64-centos7/include/c++/12.1.0;/cvmfs/sphenix.sdcc.bnl.gov/gcc-12.1.0/opt/sphenix/core/gcc/12.1.0-57c96/x86_64-centos7/include/c++/12.1.0/x86_64-pc-linux-gnu;/cvmfs/sphenix.sdcc.bnl.gov/gcc-12.1.0/opt/sphenix/core/gcc/12.1.0-57c96/x86_64-centos7/include/c++/12.1.0/backward;/cvmfs/sphenix.sdcc.bnl.gov/gcc-12.1.0/opt/sphenix/core/gcc/12.1.0-57c96/x86_64-centos7/lib/gcc/x86_64-pc-linux-gnu/12.1.0/include;/cvmfs/sphenix.sdcc.bnl.gov/gcc-12.1.0/opt/sphenix/core/gcc/12.1.0-57c96/x86_64-centos7/lib/gcc/x86_64-pc-linux-gnu/12.1.0/include-fixed;/usr/local/include;/usr/include]


Parsed CXX implicit link information from above output:
  link line regex: [^( *|.*[/\])(ld|CMAKE_LINK_STARTFILE-NOTFOUND|([^/\]+-)?ld|collect2)[^/\]*( |$)]
  ignore line: [Change Dir: /gpfs/mnt/gpfs02/sphenix/user/zshi/FastMLUConn/HFMLTriggerCodes/EvtGenLocal/build/CMakeFiles/CMakeTmp]
  ignore line: []
  ignore line: [Run Build Command(s):/usr/bin/gmake -f Makefile cmTC_c97ed/fast && /usr/bin/gmake  -f CMakeFiles/cmTC_c97ed.dir/build.make CMakeFiles/cmTC_c97ed.dir/build]
  ignore line: [gmake[1]: Entering directory `/gpfs/mnt/gpfs02/sphenix/user/zshi/FastMLUConn/HFMLTriggerCodes/EvtGenLocal/build/CMakeFiles/CMakeTmp']
  ignore line: [Building CXX object CMakeFiles/cmTC_c97ed.dir/CMakeCXXCompilerABI.cpp.o]
  ignore line: [/cvmfs/sphenix.sdcc.bnl.gov/gcc-12.1.0/opt/sphenix/core/gcc/12.1.0-57c96/x86_64-centos7/bin/g++   -v -o CMakeFiles/cmTC_c97ed.dir/CMakeCXXCompilerABI.cpp.o -c /cvmfs/sphenix.sdcc.bnl.gov/gcc-12.1.0/opt/sphenix/utils/stow/cmake-3.24.2/share/cmake-3.24/Modules/CMakeCXXCompilerABI.cpp]
  ignore line: [Using built-in specs.]
  ignore line: [COLLECT_GCC=/cvmfs/sphenix.sdcc.bnl.gov/gcc-12.1.0/opt/sphenix/core/gcc/12.1.0-57c96/x86_64-centos7/bin/g++]
  ignore line: [Target: x86_64-pc-linux-gnu]
  ignore line: [Configured with: /workspace/build/contrib/gcc-12.1.0/src/gcc/12.1.0/configure --prefix=/workspace/lcgcmake-install/gcc/12.1.0/x86_64-centos7 --disable-nls --with-system-zlib --disable-multilib --enable-languages=all --with-gnu-ld --with-gnu-as --enable-__cxa_atexit --disable-libunwind-exceptions --enable-gnu-unique-object --enable-plugin --with-linker-hash-style=gnu --enable-linker-build-id --enable-libstdcxx-time=rt --enable-shared --disable-libgcj]
  ignore line: [Thread model: posix]
  ignore line: [Supported LTO compression algorithms: zlib]
  ignore line: [gcc version 12.1.0 (GCC) ]
  ignore line: [COLLECT_GCC_OPTIONS='-v' '-o' 'CMakeFiles/cmTC_c97ed.dir/CMakeCXXCompilerABI.cpp.o' '-c' '-shared-libgcc' '-mtune=generic' '-march=x86-64' '-dumpdir' 'CMakeFiles/cmTC_c97ed.dir/']
  ignore line: [ /cvmfs/sphenix.sdcc.bnl.gov/gcc-12.1.0/opt/sphenix/core/gcc/12.1.0-57c96/x86_64-centos7/bin/../libexec/gcc/x86_64-pc-linux-gnu/12.1.0/cc1plus -quiet -v -iprefix /cvmfs/sphenix.sdcc.bnl.gov/gcc-12.1.0/opt/sphenix/core/gcc/12.1.0-57c96/x86_64-centos7/bin/../lib/gcc/x86_64-pc-linux-gnu/12.1.0/ -isystem /cvmfs/sphenix.sdcc.bnl.gov/gcc-12.1.0/opt/sphenix/core/gcc/12.1.0-57c96/x86_64-centos7/include -D_GNU_SOURCE /cvmfs/sphenix.sdcc.bnl.gov/gcc-12.1.0/opt/sphenix/utils/stow/cmake-3.24.2/share/cmake-3.24/Modules/CMakeCXXCompilerABI.cpp -quiet -dumpdir CMakeFiles/cmTC_c97ed.dir/ -dumpbase CMakeCXXCompilerABI.cpp.cpp -dumpbase-ext .cpp -mtune=generic -march=x86-64 -version -o /tmp/ccubLLvO.s]
  ignore line: [GNU C++17 (GCC) version 12.1.0 (x86_64-pc-linux-gnu)]
  ignore line: [	compiled by GNU C version 12.1.0  GMP version 6.2.1  MPFR version 4.1.0  MPC version 1.2.1  isl version isl-0.24-GMP]
  ignore line: []
  ignore line: [GGC heuristics: --param ggc-min-expand=100 --param ggc-min-heapsize=131072]
  ignore line: [ignoring nonexistent directory "/cvmfs/sphenix.sdcc.bnl.gov/gcc-12.1.0/opt/sphenix/core/gcc/12.1.0-57c96/x86_64-centos7/bin/../lib/gcc/x86_64-pc-linux-gnu/12.1.0/../../../../x86_64-pc-linux-gnu/include"]
  ignore line: [ignoring duplicate directory "/cvmfs/sphenix.sdcc.bnl.gov/gcc-12.1.0/opt/sphenix/core/gcc/12.1.0-57c96/x86_64-centos7/bin/../lib/gcc/../../lib/gcc/x86_64-pc-linux-gnu/12.1.0/../../../../include/c++/12.1.0"]
  ignore line: [ignoring duplicate directory "/cvmfs/sphenix.sdcc.bnl.gov/gcc-12.1.0/opt/sphenix/core/gcc/12.1.0-57c96/x86_64-centos7/bin/../lib/gcc/../../lib/gcc/x86_64-pc-linux-gnu/12.1.0/../../../../include/c++/12.1.0/x86_64-pc-linux-gnu"]
  ignore line: [ignoring duplicate directory "/cvmfs/sphenix.sdcc.bnl.gov/gcc-12.1.0/opt/sphenix/core/gcc/12.1.0-57c96/x86_64-centos7/bin/../lib/gcc/../../lib/gcc/x86_64-pc-linux-gnu/12.1.0/../../../../include/c++/12.1.0/backward"]
  ignore line: [ignoring duplicate directory "/cvmfs/sphenix.sdcc.bnl.gov/gcc-12.1.0/opt/sphenix/core/gcc/12.1.0-57c96/x86_64-centos7/bin/../lib/gcc/../../lib/gcc/x86_64-pc-linux-gnu/12.1.0/include"]
  ignore line: [ignoring duplicate directory "/cvmfs/sphenix.sdcc.bnl.gov/gcc-12.1.0/opt/sphenix/core/gcc/12.1.0-57c96/x86_64-centos7/bin/../lib/gcc/../../include"]
  ignore line: [ignoring duplicate directory "/cvmfs/sphenix.sdcc.bnl.gov/gcc-12.1.0/opt/sphenix/core/gcc/12.1.0-57c96/x86_64-centos7/bin/../lib/gcc/../../lib/gcc/x86_64-pc-linux-gnu/12.1.0/include-fixed"]
  ignore line: [ignoring nonexistent directory "/cvmfs/sphenix.sdcc.bnl.gov/gcc-12.1.0/opt/sphenix/core/gcc/12.1.0-57c96/x86_64-centos7/bin/../lib/gcc/../../lib/gcc/x86_64-pc-linux-gnu/12.1.0/../../../../x86_64-pc-linux-gnu/include"]
  ignore line: [#include "..." search starts here:]
  ignore line: [#include <...> search starts here:]
  ignore line: [ /cvmfs/sphenix.sdcc.bnl.gov/gcc-12.1.0/opt/sphenix/core/gcc/12.1.0-57c96/x86_64-centos7/include]
  ignore line: [ /cvmfs/sphenix.sdcc.bnl.gov/gcc-12.1.0/opt/sphenix/core/gcc/12.1.0-57c96/x86_64-centos7/bin/../lib/gcc/x86_64-pc-linux-gnu/12.1.0/../../../../include/c++/12.1.0]
  ignore line: [ /cvmfs/sphenix.sdcc.bnl.gov/gcc-12.1.0/opt/sphenix/core/gcc/12.1.0-57c96/x86_64-centos7/bin/../lib/gcc/x86_64-pc-linux-gnu/12.1.0/../../../../include/c++/12.1.0/x86_64-pc-linux-gnu]
  ignore line: [ /cvmfs/sphenix.sdcc.bnl.gov/gcc-12.1.0/opt/sphenix/core/gcc/12.1.0-57c96/x86_64-centos7/bin/../lib/gcc/x86_64-pc-linux-gnu/12.1.0/../../../../include/c++/12.1.0/backward]
  ignore line: [ /cvmfs/sphenix.sdcc.bnl.gov/gcc-12.1.0/opt/sphenix/core/gcc/12.1.0-57c96/x86_64-centos7/bin/../lib/gcc/x86_64-pc-linux-gnu/12.1.0/include]
  ignore line: [ /cvmfs/sphenix.sdcc.bnl.gov/gcc-12.1.0/opt/sphenix/core/gcc/12.1.0-57c96/x86_64-centos7/bin/../lib/gcc/x86_64-pc-linux-gnu/12.1.0/include-fixed]
  ignore line: [ /usr/local/include]
  ignore line: [ /usr/include]
  ignore line: [End of search list.]
  ignore line: [GNU C++17 (GCC) version 12.1.0 (x86_64-pc-linux-gnu)]
  ignore line: [	compiled by GNU C version 12.1.0  GMP version 6.2.1  MPFR version 4.1.0  MPC version 1.2.1  isl version isl-0.24-GMP]
  ignore line: []
  ignore line: [GGC heuristics: --param ggc-min-expand=100 --param ggc-min-heapsize=131072]
  ignore line: [Compiler executable checksum: 12bddb1895adbbc3e385bdfebd53a7f1]
  ignore line: [COLLECT_GCC_OPTIONS='-v' '-o' 'CMakeFiles/cmTC_c97ed.dir/CMakeCXXCompilerABI.cpp.o' '-c' '-shared-libgcc' '-mtune=generic' '-march=x86-64' '-dumpdir' 'CMakeFiles/cmTC_c97ed.dir/']
  ignore line: [ as -v --64 -o CMakeFiles/cmTC_c97ed.dir/CMakeCXXCompilerABI.cpp.o /tmp/ccubLLvO.s]
  ignore line: [GNU assembler version 2.37 (x86_64-pc-linux-gnu) using BFD version (GNU Binutils) 2.37]
  ignore line: [COMPILER_PATH=/cvmfs/sphenix.sdcc.bnl.gov/gcc-12.1.0/opt/sphenix/core/gcc/12.1.0-57c96/x86_64-centos7/bin/../libexec/gcc/x86_64-pc-linux-gnu/12.1.0/:/cvmfs/sphenix.sdcc.bnl.gov/gcc-12.1.0/opt/sphenix/core/gcc/12.1.0-57c96/x86_64-centos7/bin/../libexec/gcc/:/cvmfs/sphenix.sdcc.bnl.gov/gcc-12.1.0/opt/sphenix/core/gcc/12.1.0-57c96/x86_64-centos7/]
  ignore line: [LIBRARY_PATH=/cvmfs/sphenix.sdcc.bnl.gov/gcc-12.1.0/opt/sphenix/core/gcc/12.1.0-57c96/x86_64-centos7/bin/../lib/gcc/x86_64-pc-linux-gnu/12.1.0/:/cvmfs/sphenix.sdcc.bnl.gov/gcc-12.1.0/opt/sphenix/core/gcc/12.1.0-57c96/x86_64-centos7/bin/../lib/gcc/:/cvmfs/sphenix.sdcc.bnl.gov/gcc-12.1.0/opt/sphenix/core/gcc/12.1.0-57c96/x86_64-centos7/bin/../lib/gcc/x86_64-pc-linux-gnu/12.1.0/../../../../lib64/:/lib/../lib64/:/usr/lib/../lib64/:/cvmfs/sphenix.sdcc.bnl.gov/gcc-12.1.0/opt/sphenix/core/gcc/12.1.0-57c96/x86_64-centos7/bin/../lib/gcc/x86_64-pc-linux-gnu/12.1.0/../../../:/lib/:/usr/lib/]
  ignore line: [COLLECT_GCC_OPTIONS='-v' '-o' 'CMakeFiles/cmTC_c97ed.dir/CMakeCXXCompilerABI.cpp.o' '-c' '-shared-libgcc' '-mtune=generic' '-march=x86-64' '-dumpdir' 'CMakeFiles/cmTC_c97ed.dir/CMakeCXXCompilerABI.cpp.']
  ignore line: [Linking CXX executable cmTC_c97ed]
  ignore line: [/cvmfs/sphenix.sdcc.bnl.gov/gcc-12.1.0/opt/sphenix/utils/stow/cmake-3.24.2/bin/cmake -E cmake_link_script CMakeFiles/cmTC_c97ed.dir/link.txt --verbose=1]
  ignore line: [/cvmfs/sphenix.sdcc.bnl.gov/gcc-12.1.0/opt/sphenix/core/gcc/12.1.0-57c96/x86_64-centos7/bin/g++  -v CMakeFiles/cmTC_c97ed.dir/CMakeCXXCompilerABI.cpp.o -o cmTC_c97ed ]
  ignore line: [Using built-in specs.]
  ignore line: [COLLECT_GCC=/cvmfs/sphenix.sdcc.bnl.gov/gcc-12.1.0/opt/sphenix/core/gcc/12.1.0-57c96/x86_64-centos7/bin/g++]
  ignore line: [COLLECT_LTO_WRAPPER=/cvmfs/sphenix.sdcc.bnl.gov/gcc-12.1.0/opt/sphenix/core/gcc/12.1.0-57c96/x86_64-centos7/bin/../libexec/gcc/x86_64-pc-linux-gnu/12.1.0/lto-wrapper]
  ignore line: [Target: x86_64-pc-linux-gnu]
  ignore line: [Configured with: /workspace/build/contrib/gcc-12.1.0/src/gcc/12.1.0/configure --prefix=/workspace/lcgcmake-install/gcc/12.1.0/x86_64-centos7 --disable-nls --with-system-zlib --disable-multilib --enable-languages=all --with-gnu-ld --with-gnu-as --enable-__cxa_atexit --disable-libunwind-exceptions --enable-gnu-unique-object --enable-plugin --with-linker-hash-style=gnu --enable-linker-build-id --enable-libstdcxx-time=rt --enable-shared --disable-libgcj]
  ignore line: [Thread model: posix]
  ignore line: [Supported LTO compression algorithms: zlib]
  ignore line: [gcc version 12.1.0 (GCC) ]
  ignore line: [COMPILER_PATH=/cvmfs/sphenix.sdcc.bnl.gov/gcc-12.1.0/opt/sphenix/core/gcc/12.1.0-57c96/x86_64-centos7/bin/../libexec/gcc/x86_64-pc-linux-gnu/12.1.0/:/cvmfs/sphenix.sdcc.bnl.gov/gcc-12.1.0/opt/sphenix/core/gcc/12.1.0-57c96/x86_64-centos7/bin/../libexec/gcc/:/cvmfs/sphenix.sdcc.bnl.gov/gcc-12.1.0/opt/sphenix/core/gcc/12.1.0-57c96/x86_64-centos7/]
  ignore line: [LIBRARY_PATH=/cvmfs/sphenix.sdcc.bnl.gov/gcc-12.1.0/opt/sphenix/core/gcc/12.1.0-57c96/x86_64-centos7/bin/../lib/gcc/x86_64-pc-linux-gnu/12.1.0/:/cvmfs/sphenix.sdcc.bnl.gov/gcc-12.1.0/opt/sphenix/core/gcc/12.1.0-57c96/x86_64-centos7/bin/../lib/gcc/:/cvmfs/sphenix.sdcc.bnl.gov/gcc-12.1.0/opt/sphenix/core/gcc/12.1.0-57c96/x86_64-centos7/bin/../lib/gcc/x86_64-pc-linux-gnu/12.1.0/../../../../lib64/:/lib/../lib64/:/usr/lib/../lib64/:/cvmfs/sphenix.sdcc.bnl.gov/gcc-12.1.0/opt/sphenix/core/gcc/12.1.0-57c96/x86_64-centos7/bin/../lib/gcc/x86_64-pc-linux-gnu/12.1.0/../../../:/lib/:/usr/lib/]
  ignore line: [COLLECT_GCC_OPTIONS='-v' '-o' 'cmTC_c97ed' '-shared-libgcc' '-mtune=generic' '-march=x86-64' '-dumpdir' 'cmTC_c97ed.']
  link line: [ /cvmfs/sphenix.sdcc.bnl.gov/gcc-12.1.0/opt/sphenix/core/gcc/12.1.0-57c96/x86_64-centos7/bin/../libexec/gcc/x86_64-pc-linux-gnu/12.1.0/collect2 -plugin /cvmfs/sphenix.sdcc.bnl.gov/gcc-12.1.0/opt/sphenix/core/gcc/12.1.0-57c96/x86_64-centos7/bin/../libexec/gcc/x86_64-pc-linux-gnu/12.1.0/liblto_plugin.so -plugin-opt=/cvmfs/sphenix.sdcc.bnl.gov/gcc-12.1.0/opt/sphenix/core/gcc/12.1.0-57c96/x86_64-centos7/bin/../libexec/gcc/x86_64-pc-linux-gnu/12.1.0/lto-wrapper -plugin-opt=-fresolution=/tmp/cc8XRMXN.res -plugin-opt=-pass-through=-lgcc_s -plugin-opt=-pass-through=-lgcc -plugin-opt=-pass-through=-lc -plugin-opt=-pass-through=-lgcc_s -plugin-opt=-pass-through=-lgcc --build-id --eh-frame-hdr --hash-style=gnu -m elf_x86_64 -dynamic-linker /lib64/ld-linux-x86-64.so.2 -o cmTC_c97ed /lib/../lib64/crt1.o /lib/../lib64/crti.o /cvmfs/sphenix.sdcc.bnl.gov/gcc-12.1.0/opt/sphenix/core/gcc/12.1.0-57c96/x86_64-centos7/bin/../lib/gcc/x86_64-pc-linux-gnu/12.1.0/crtbegin.o -L/cvmfs/sphenix.sdcc.bnl.gov/gcc-12.1.0/opt/sphenix/core/gcc/12.1.0-57c96/x86_64-centos7/bin/../lib/gcc/x86_64-pc-linux-gnu/12.1.0 -L/cvmfs/sphenix.sdcc.bnl.gov/gcc-12.1.0/opt/sphenix/core/gcc/12.1.0-57c96/x86_64-centos7/bin/../lib/gcc -L/cvmfs/sphenix.sdcc.bnl.gov/gcc-12.1.0/opt/sphenix/core/gcc/12.1.0-57c96/x86_64-centos7/bin/../lib/gcc/x86_64-pc-linux-gnu/12.1.0/../../../../lib64 -L/lib/../lib64 -L/usr/lib/../lib64 -L/cvmfs/sphenix.sdcc.bnl.gov/gcc-12.1.0/opt/sphenix/core/gcc/12.1.0-57c96/x86_64-centos7/bin/../lib/gcc/x86_64-pc-linux-gnu/12.1.0/../../.. CMakeFiles/cmTC_c97ed.dir/CMakeCXXCompilerABI.cpp.o -lstdc++ -lm -lgcc_s -lgcc -lc -lgcc_s -lgcc /cvmfs/sphenix.sdcc.bnl.gov/gcc-12.1.0/opt/sphenix/core/gcc/12.1.0-57c96/x86_64-centos7/bin/../lib/gcc/x86_64-pc-linux-gnu/12.1.0/crtend.o /lib/../lib64/crtn.o]
    arg [/cvmfs/sphenix.sdcc.bnl.gov/gcc-12.1.0/opt/sphenix/core/gcc/12.1.0-57c96/x86_64-centos7/bin/../libexec/gcc/x86_64-pc-linux-gnu/12.1.0/collect2] ==> ignore
    arg [-plugin] ==> ignore
    arg [/cvmfs/sphenix.sdcc.bnl.gov/gcc-12.1.0/opt/sphenix/core/gcc/12.1.0-57c96/x86_64-centos7/bin/../libexec/gcc/x86_64-pc-linux-gnu/12.1.0/liblto_plugin.so] ==> ignore
    arg [-plugin-opt=/cvmfs/sphenix.sdcc.bnl.gov/gcc-12.1.0/opt/sphenix/core/gcc/12.1.0-57c96/x86_64-centos7/bin/../libexec/gcc/x86_64-pc-linux-gnu/12.1.0/lto-wrapper] ==> ignore
    arg [-plugin-opt=-fresolution=/tmp/cc8XRMXN.res] ==> ignore
    arg [-plugin-opt=-pass-through=-lgcc_s] ==> ignore
    arg [-plugin-opt=-pass-through=-lgcc] ==> ignore
    arg [-plugin-opt=-pass-through=-lc] ==> ignore
    arg [-plugin-opt=-pass-through=-lgcc_s] ==> ignore
    arg [-plugin-opt=-pass-through=-lgcc] ==> ignore
    arg [--build-id] ==> ignore
    arg [--eh-frame-hdr] ==> ignore
    arg [--hash-style=gnu] ==> ignore
    arg [-m] ==> ignore
    arg [elf_x86_64] ==> ignore
    arg [-dynamic-linker] ==> ignore
    arg [/lib64/ld-linux-x86-64.so.2] ==> ignore
    arg [-o] ==> ignore
    arg [cmTC_c97ed] ==> ignore
    arg [/lib/../lib64/crt1.o] ==> obj [/lib/../lib64/crt1.o]
    arg [/lib/../lib64/crti.o] ==> obj [/lib/../lib64/crti.o]
    arg [/cvmfs/sphenix.sdcc.bnl.gov/gcc-12.1.0/opt/sphenix/core/gcc/12.1.0-57c96/x86_64-centos7/bin/../lib/gcc/x86_64-pc-linux-gnu/12.1.0/crtbegin.o] ==> obj [/cvmfs/sphenix.sdcc.bnl.gov/gcc-12.1.0/opt/sphenix/core/gcc/12.1.0-57c96/x86_64-centos7/bin/../lib/gcc/x86_64-pc-linux-gnu/12.1.0/crtbegin.o]
    arg [-L/cvmfs/sphenix.sdcc.bnl.gov/gcc-12.1.0/opt/sphenix/core/gcc/12.1.0-57c96/x86_64-centos7/bin/../lib/gcc/x86_64-pc-linux-gnu/12.1.0] ==> dir [/cvmfs/sphenix.sdcc.bnl.gov/gcc-12.1.0/opt/sphenix/core/gcc/12.1.0-57c96/x86_64-centos7/bin/../lib/gcc/x86_64-pc-linux-gnu/12.1.0]
    arg [-L/cvmfs/sphenix.sdcc.bnl.gov/gcc-12.1.0/opt/sphenix/core/gcc/12.1.0-57c96/x86_64-centos7/bin/../lib/gcc] ==> dir [/cvmfs/sphenix.sdcc.bnl.gov/gcc-12.1.0/opt/sphenix/core/gcc/12.1.0-57c96/x86_64-centos7/bin/../lib/gcc]
    arg [-L/cvmfs/sphenix.sdcc.bnl.gov/gcc-12.1.0/opt/sphenix/core/gcc/12.1.0-57c96/x86_64-centos7/bin/../lib/gcc/x86_64-pc-linux-gnu/12.1.0/../../../../lib64] ==> dir [/cvmfs/sphenix.sdcc.bnl.gov/gcc-12.1.0/opt/sphenix/core/gcc/12.1.0-57c96/x86_64-centos7/bin/../lib/gcc/x86_64-pc-linux-gnu/12.1.0/../../../../lib64]
    arg [-L/lib/../lib64] ==> dir [/lib/../lib64]
    arg [-L/usr/lib/../lib64] ==> dir [/usr/lib/../lib64]
    arg [-L/cvmfs/sphenix.sdcc.bnl.gov/gcc-12.1.0/opt/sphenix/core/gcc/12.1.0-57c96/x86_64-centos7/bin/../lib/gcc/x86_64-pc-linux-gnu/12.1.0/../../..] ==> dir [/cvmfs/sphenix.sdcc.bnl.gov/gcc-12.1.0/opt/sphenix/core/gcc/12.1.0-57c96/x86_64-centos7/bin/../lib/gcc/x86_64-pc-linux-gnu/12.1.0/../../..]
    arg [CMakeFiles/cmTC_c97ed.dir/CMakeCXXCompilerABI.cpp.o] ==> ignore
    arg [-lstdc++] ==> lib [stdc++]
    arg [-lm] ==> lib [m]
    arg [-lgcc_s] ==> lib [gcc_s]
    arg [-lgcc] ==> lib [gcc]
    arg [-lc] ==> lib [c]
    arg [-lgcc_s] ==> lib [gcc_s]
    arg [-lgcc] ==> lib [gcc]
    arg [/cvmfs/sphenix.sdcc.bnl.gov/gcc-12.1.0/opt/sphenix/core/gcc/12.1.0-57c96/x86_64-centos7/bin/../lib/gcc/x86_64-pc-linux-gnu/12.1.0/crtend.o] ==> obj [/cvmfs/sphenix.sdcc.bnl.gov/gcc-12.1.0/opt/sphenix/core/gcc/12.1.0-57c96/x86_64-centos7/bin/../lib/gcc/x86_64-pc-linux-gnu/12.1.0/crtend.o]
    arg [/lib/../lib64/crtn.o] ==> obj [/lib/../lib64/crtn.o]
  collapse obj [/lib/../lib64/crt1.o] ==> [/lib64/crt1.o]
  collapse obj [/lib/../lib64/crti.o] ==> [/lib64/crti.o]
  collapse obj [/cvmfs/sphenix.sdcc.bnl.gov/gcc-12.1.0/opt/sphenix/core/gcc/12.1.0-57c96/x86_64-centos7/bin/../lib/gcc/x86_64-pc-linux-gnu/12.1.0/crtbegin.o] ==> [/cvmfs/sphenix.sdcc.bnl.gov/gcc-12.1.0/opt/sphenix/core/gcc/12.1.0-57c96/x86_64-centos7/lib/gcc/x86_64-pc-linux-gnu/12.1.0/crtbegin.o]
  collapse obj [/cvmfs/sphenix.sdcc.bnl.gov/gcc-12.1.0/opt/sphenix/core/gcc/12.1.0-57c96/x86_64-centos7/bin/../lib/gcc/x86_64-pc-linux-gnu/12.1.0/crtend.o] ==> [/cvmfs/sphenix.sdcc.bnl.gov/gcc-12.1.0/opt/sphenix/core/gcc/12.1.0-57c96/x86_64-centos7/lib/gcc/x86_64-pc-linux-gnu/12.1.0/crtend.o]
  collapse obj [/lib/../lib64/crtn.o] ==> [/lib64/crtn.o]
  collapse library dir [/cvmfs/sphenix.sdcc.bnl.gov/gcc-12.1.0/opt/sphenix/core/gcc/12.1.0-57c96/x86_64-centos7/bin/../lib/gcc/x86_64-pc-linux-gnu/12.1.0] ==> [/cvmfs/sphenix.sdcc.bnl.gov/gcc-12.1.0/opt/sphenix/core/gcc/12.1.0-57c96/x86_64-centos7/lib/gcc/x86_64-pc-linux-gnu/12.1.0]
  collapse library dir [/cvmfs/sphenix.sdcc.bnl.gov/gcc-12.1.0/opt/sphenix/core/gcc/12.1.0-57c96/x86_64-centos7/bin/../lib/gcc] ==> [/cvmfs/sphenix.sdcc.bnl.gov/gcc-12.1.0/opt/sphenix/core/gcc/12.1.0-57c96/x86_64-centos7/lib/gcc]
  collapse library dir [/cvmfs/sphenix.sdcc.bnl.gov/gcc-12.1.0/opt/sphenix/core/gcc/12.1.0-57c96/x86_64-centos7/bin/../lib/gcc/x86_64-pc-linux-gnu/12.1.0/../../../../lib64] ==> [/cvmfs/sphenix.sdcc.bnl.gov/gcc-12.1.0/opt/sphenix/core/gcc/12.1.0-57c96/x86_64-centos7/lib64]
  collapse library dir [/lib/../lib64] ==> [/lib64]
  collapse library dir [/usr/lib/../lib64] ==> [/usr/lib64]
  collapse library dir [/cvmfs/sphenix.sdcc.bnl.gov/gcc-12.1.0/opt/sphenix/core/gcc/12.1.0-57c96/x86_64-centos7/bin/../lib/gcc/x86_64-pc-linux-gnu/12.1.0/../../..] ==> [/cvmfs/sphenix.sdcc.bnl.gov/gcc-12.1.0/opt/sphenix/core/gcc/12.1.0-57c96/x86_64-centos7/lib]
  implicit libs: [stdc++;m;gcc_s;gcc;c;gcc_s;gcc]
  implicit objs: [/lib64/crt1.o;/lib64/crti.o;/cvmfs/sphenix.sdcc.bnl.gov/gcc-12.1.0/opt/sphenix/core/gcc/12.1.0-57c96/x86_64-centos7/lib/gcc/x86_64-pc-linux-gnu/12.1.0/crtbegin.o;/cvmfs/sphenix.sdcc.bnl.gov/gcc-12.1.0/opt/sphenix/core/gcc/12.1.0-57c96/x86_64-centos7/lib/gcc/x86_64-pc-linux-gnu/12.1.0/crtend.o;/lib64/crtn.o]
  implicit dirs: [/cvmfs/sphenix.sdcc.bnl.gov/gcc-12.1.0/opt/sphenix/core/gcc/12.1.0-57c96/x86_64-centos7/lib/gcc/x86_64-pc-linux-gnu/12.1.0;/cvmfs/sphenix.sdcc.bnl.gov/gcc-12.1.0/opt/sphenix/core/gcc/12.1.0-57c96/x86_64-centos7/lib/gcc;/cvmfs/sphenix.sdcc.bnl.gov/gcc-12.1.0/opt/sphenix/core/gcc/12.1.0-57c96/x86_64-centos7/lib64;/lib64;/usr/lib64;/cvmfs/sphenix.sdcc.bnl.gov/gcc-12.1.0/opt/sphenix/core/gcc/12.1.0-57c96/x86_64-centos7/lib]
  implicit fwks: []


